2023-02-20 22:56:30.280  INFO [boot-otel-tempo-provider1,,] 7 --- [           main] i.o.e.BootOtelTempoProvider1Application  : Starting BootOtelTempoProvider1Application v0.0.1-SNAPSHOT using Java 1.8.0_212 on b5cb40e44e8c with PID 7 (/app/bin/boot-otel-tempo-provider1.jar started by root in /) 
2023-02-20 22:56:30.328 DEBUG [boot-otel-tempo-provider1,,] 7 --- [           main] i.o.e.BootOtelTempoProvider1Application  : Running with Spring Boot v2.4.2, Spring v5.3.3 
2023-02-20 22:56:30.334  INFO [boot-otel-tempo-provider1,,] 7 --- [           main] i.o.e.BootOtelTempoProvider1Application  : No active profile set, falling back to default profiles: default 
2023-02-20 22:56:34.355  INFO [boot-otel-tempo-provider1,,] 7 --- [           main] .s.d.r.c.RepositoryConfigurationDelegate : Bootstrapping Spring Data JPA repositories in DEFAULT mode. 
2023-02-20 22:56:34.568  INFO [boot-otel-tempo-provider1,,] 7 --- [           main] .s.d.r.c.RepositoryConfigurationDelegate : Finished Spring Data repository scanning in 159 ms. Found 1 JPA repository interfaces. 
2023-02-20 22:56:39.441  INFO [boot-otel-tempo-provider1,,] 7 --- [           main] o.s.b.w.embedded.tomcat.TomcatWebServer  : Tomcat initialized with port(s): 8090 (http) 
2023-02-20 22:56:39.521  INFO [boot-otel-tempo-provider1,,] 7 --- [           main] o.apache.catalina.core.StandardService   : Starting service [Tomcat] 
2023-02-20 22:56:39.528  INFO [boot-otel-tempo-provider1,,] 7 --- [           main] org.apache.catalina.core.StandardEngine  : Starting Servlet engine: [Apache Tomcat/9.0.41] 
2023-02-20 22:56:39.963  INFO [boot-otel-tempo-provider1,,] 7 --- [           main] o.a.c.c.C.[Tomcat].[localhost].[/]       : Initializing Spring embedded WebApplicationContext 
2023-02-20 22:56:39.965  INFO [boot-otel-tempo-provider1,,] 7 --- [           main] w.s.c.ServletWebServerApplicationContext : Root WebApplicationContext: initialization completed in 9351 ms 
2023-02-20 22:56:41.468  INFO [boot-otel-tempo-provider1,,] 7 --- [           main] o.hibernate.jpa.internal.util.LogHelper  : HHH000204: Processing PersistenceUnitInfo [name: provider1] 
2023-02-20 22:56:41.713  INFO [boot-otel-tempo-provider1,,] 7 --- [           main] org.hibernate.Version                    : HHH000412: Hibernate ORM core version 5.4.27.Final 
2023-02-20 22:56:42.155  INFO [boot-otel-tempo-provider1,,] 7 --- [           main] o.hibernate.annotations.common.Version   : HCANN000001: Hibernate Commons Annotations {5.1.2.Final} 
2023-02-20 22:56:42.899  INFO [boot-otel-tempo-provider1,,] 7 --- [           main] com.zaxxer.hikari.HikariDataSource       : HikariPool-1 - Starting... 
2023-02-20 22:56:43.409  INFO [boot-otel-tempo-provider1,,] 7 --- [           main] com.zaxxer.hikari.HikariDataSource       : HikariPool-1 - Start completed. 
2023-02-20 22:56:43.520  INFO [boot-otel-tempo-provider1,,] 7 --- [           main] org.hibernate.dialect.Dialect            : HHH000400: Using dialect: org.hibernate.dialect.PostgreSQL10Dialect 
2023-02-20 22:56:45.094  INFO [boot-otel-tempo-provider1,,] 7 --- [           main] o.h.e.t.j.p.i.JtaPlatformInitiator       : HHH000490: Using JtaPlatform implementation: [org.hibernate.engine.transaction.jta.platform.internal.NoJtaPlatform] 
2023-02-20 22:56:45.127  INFO [boot-otel-tempo-provider1,,] 7 --- [           main] j.LocalContainerEntityManagerFactoryBean : Initialized JPA EntityManagerFactory for persistence unit 'provider1' 
2023-02-20 22:56:46.819  WARN [boot-otel-tempo-provider1,,] 7 --- [           main] JpaBaseConfiguration$JpaWebConfiguration : spring.jpa.open-in-view is enabled by default. Therefore, database queries may be performed during view rendering. Explicitly configure spring.jpa.open-in-view to disable this warning 
2023-02-20 22:56:47.015  INFO [boot-otel-tempo-provider1,,] 7 --- [           main] o.s.s.concurrent.ThreadPoolTaskExecutor  : Initializing ExecutorService 'applicationTaskExecutor' 
2023-02-20 22:56:47.442  INFO [boot-otel-tempo-provider1,,] 7 --- [           main] o.s.b.a.e.web.EndpointLinksResolver      : Exposing 3 endpoint(s) beneath base path '/actuator' 
2023-02-20 22:56:47.560  INFO [boot-otel-tempo-provider1,,] 7 --- [           main] o.s.b.w.embedded.tomcat.TomcatWebServer  : Tomcat started on port(s): 8090 (http) with context path '' 
2023-02-20 22:56:47.579  INFO [boot-otel-tempo-provider1,,] 7 --- [           main] i.o.e.BootOtelTempoProvider1Application  : Started BootOtelTempoProvider1Application in 19.31 seconds (JVM running for 31.064) 
2023-02-20 22:56:55.777  INFO [boot-otel-tempo-provider1,952f40c2ccc16a1eea0a425e2f92a2e6,fcdb97f0f19420cb] 7 --- [nio-8090-exec-1] o.a.c.c.C.[Tomcat].[localhost].[/]       : Initializing Spring DispatcherServlet 'dispatcherServlet' 
2023-02-20 22:56:55.781  INFO [boot-otel-tempo-provider1,952f40c2ccc16a1eea0a425e2f92a2e6,fcdb97f0f19420cb] 7 --- [nio-8090-exec-1] o.s.web.servlet.DispatcherServlet        : Initializing Servlet 'dispatcherServlet' 
2023-02-20 22:56:55.785  INFO [boot-otel-tempo-provider1,952f40c2ccc16a1eea0a425e2f92a2e6,fcdb97f0f19420cb] 7 --- [nio-8090-exec-1] o.s.web.servlet.DispatcherServlet        : Completed initialization in 2 ms 
2023-02-20 22:57:13.561  INFO [boot-otel-tempo-provider1,8c5cd8bbcff5380eb97acf852249c043,b4a8f0d6b5fecf20] 7 --- [nio-8090-exec-4] i.o.example.flight.FlighController       : processing Request 
2023-02-20 22:57:13.569  INFO [boot-otel-tempo-provider1,41f43c674c5b69147251a8ac72334d4c,746539cd6f7e02a0] 7 --- [nio-8090-exec-3] i.o.example.flight.FlighController       : processing Request 
2023-02-20 22:57:13.570  INFO [boot-otel-tempo-provider1,5e000d2e1a128f85e3b567781736675a,ad1c4761207258f8] 7 --- [nio-8090-exec-9] i.o.example.flight.FlighController       : processing Request 
2023-02-20 22:57:13.561  INFO [boot-otel-tempo-provider1,59721471fc3fa5ea724932baf01f50f8,c1fece68896c09da] 7 --- [nio-8090-exec-6] i.o.example.flight.FlighController       : processing Request 
2023-02-20 22:57:13.580  INFO [boot-otel-tempo-provider1,8b142de4fec631f57a03478f01b0bfba,d07c253d2c400243] 7 --- [io-8090-exec-11] i.o.example.flight.FlighController       : processing Request 
2023-02-20 22:57:13.569  INFO [boot-otel-tempo-provider1,8c5cd8bbcff5380eb97acf852249c043,469ad0c20c2f06e6] 7 --- [nio-8090-exec-4] i.o.example.flight.FlightService         : Doing some work In New span 
2023-02-20 22:57:13.571  INFO [boot-otel-tempo-provider1,5384c32f53a2354c4780d39775c44a64,75a139a35170d72a] 7 --- [nio-8090-exec-1] i.o.example.flight.FlighController       : processing Request 
2023-02-20 22:57:13.571  INFO [boot-otel-tempo-provider1,8bd1c07dfa49221420cbdad250fb66f0,93915a770fa665ef] 7 --- [io-8090-exec-10] i.o.example.flight.FlighController       : processing Request 
2023-02-20 22:57:13.563  INFO [boot-otel-tempo-provider1,8cee32d91b72826d581cbb619c02a45e,00e475d15dd0a3ff] 7 --- [nio-8090-exec-7] i.o.example.flight.FlighController       : processing Request 
2023-02-20 22:57:13.587  INFO [boot-otel-tempo-provider1,8cee32d91b72826d581cbb619c02a45e,15026b675092f714] 7 --- [nio-8090-exec-7] i.o.example.flight.FlightService         : Doing some work In New span 
2023-02-20 22:57:13.559  INFO [boot-otel-tempo-provider1,3cba0e58e5384b53b1cf1f029b2cba25,4728e6d33f304643] 7 --- [nio-8090-exec-5] i.o.example.flight.FlighController       : processing Request 
2023-02-20 22:57:13.589  INFO [boot-otel-tempo-provider1,3cba0e58e5384b53b1cf1f029b2cba25,b9f7d628f4acb42d] 7 --- [nio-8090-exec-5] i.o.example.flight.FlightService         : Doing some work In New span 
2023-02-20 22:57:13.563  INFO [boot-otel-tempo-provider1,58eb602c69ed596bc91b3703341152ed,40a4129ca9635379] 7 --- [nio-8090-exec-8] i.o.example.flight.FlighController       : processing Request 
2023-02-20 22:57:13.576  INFO [boot-otel-tempo-provider1,41f43c674c5b69147251a8ac72334d4c,5b02ed7cbad7ce11] 7 --- [nio-8090-exec-3] i.o.example.flight.FlightService         : Doing some work In New span 
2023-02-20 22:57:13.577  INFO [boot-otel-tempo-provider1,5e000d2e1a128f85e3b567781736675a,59bbb487b3bdc19c] 7 --- [nio-8090-exec-9] i.o.example.flight.FlightService         : Doing some work In New span 
2023-02-20 22:57:13.559  INFO [boot-otel-tempo-provider1,e91dd79600107acb98b0c76b09c4962d,f20b9678a66794c5] 7 --- [nio-8090-exec-2] i.o.example.flight.FlighController       : processing Request 
2023-02-20 22:57:13.582  INFO [boot-otel-tempo-provider1,59721471fc3fa5ea724932baf01f50f8,dc7d7467a2fb1622] 7 --- [nio-8090-exec-6] i.o.example.flight.FlightService         : Doing some work In New span 
2023-02-20 22:57:13.597  INFO [boot-otel-tempo-provider1,e91dd79600107acb98b0c76b09c4962d,2c5cd16d163958f9] 7 --- [nio-8090-exec-2] i.o.example.flight.FlightService         : Doing some work In New span 
2023-02-20 22:57:13.584  INFO [boot-otel-tempo-provider1,5384c32f53a2354c4780d39775c44a64,688f875187991ff7] 7 --- [nio-8090-exec-1] i.o.example.flight.FlightService         : Doing some work In New span 
2023-02-20 22:57:13.598  INFO [boot-otel-tempo-provider1,cb971f1e600df75773510950c79fd8e4,8398c7303ae68938] 7 --- [io-8090-exec-13] i.o.example.flight.FlighController       : processing Request 
2023-02-20 22:57:13.603  INFO [boot-otel-tempo-provider1,cb971f1e600df75773510950c79fd8e4,641d930267797b21] 7 --- [io-8090-exec-13] i.o.example.flight.FlightService         : Doing some work In New span 
2023-02-20 22:57:13.582  INFO [boot-otel-tempo-provider1,8b142de4fec631f57a03478f01b0bfba,4b3a2444a65810a0] 7 --- [io-8090-exec-11] i.o.example.flight.FlightService         : Doing some work In New span 
2023-02-20 22:57:13.587  INFO [boot-otel-tempo-provider1,8bd1c07dfa49221420cbdad250fb66f0,9b41d71b9ee06c22] 7 --- [io-8090-exec-10] i.o.example.flight.FlightService         : Doing some work In New span 
2023-02-20 22:57:13.593  INFO [boot-otel-tempo-provider1,58eb602c69ed596bc91b3703341152ed,78e2119b62ba7834] 7 --- [nio-8090-exec-8] i.o.example.flight.FlightService         : Doing some work In New span 
2023-02-20 22:57:13.602  INFO [boot-otel-tempo-provider1,a672af4cd7bc3b8bae31c5d974fdc511,0790c2bc4ad5e995] 7 --- [io-8090-exec-14] i.o.example.flight.FlighController       : processing Request 
2023-02-20 22:57:13.627  INFO [boot-otel-tempo-provider1,a672af4cd7bc3b8bae31c5d974fdc511,90ff6e5f6e3bad78] 7 --- [io-8090-exec-14] i.o.example.flight.FlightService         : Doing some work In New span 
2023-02-20 22:57:13.633  INFO [boot-otel-tempo-provider1,d5faba6aa5cfa1ab568d847cf5f01ae1,67845100ee35fd17] 7 --- [io-8090-exec-15] i.o.example.flight.FlighController       : processing Request 
2023-02-20 22:57:13.638  INFO [boot-otel-tempo-provider1,d5faba6aa5cfa1ab568d847cf5f01ae1,874e684f2e075e30] 7 --- [io-8090-exec-15] i.o.example.flight.FlightService         : Doing some work In New span 
2023-02-20 22:57:13.650  INFO [boot-otel-tempo-provider1,e8abcb0cda170b86e3cd9f4af8e091c2,677bed0314241ebd] 7 --- [io-8090-exec-18] i.o.example.flight.FlighController       : processing Request 
2023-02-20 22:57:13.652  INFO [boot-otel-tempo-provider1,e8abcb0cda170b86e3cd9f4af8e091c2,525899f85f975cd6] 7 --- [io-8090-exec-18] i.o.example.flight.FlightService         : Doing some work In New span 
2023-02-20 22:57:13.660  INFO [boot-otel-tempo-provider1,1bc7b95f19152095f5c145a502016c39,1e3f418fbf0e0613] 7 --- [io-8090-exec-19] i.o.example.flight.FlighController       : processing Request 
2023-02-20 22:57:13.647  INFO [boot-otel-tempo-provider1,23ae7670220649a98d2ec9606cb9f45f,37f23ef618947914] 7 --- [io-8090-exec-16] i.o.example.flight.FlighController       : processing Request 
2023-02-20 22:57:13.653  INFO [boot-otel-tempo-provider1,8a4ea5af8952ce6f8efed0f047ec5bfe,97150fc594331d59] 7 --- [io-8090-exec-17] i.o.example.flight.FlighController       : processing Request 
2023-02-20 22:57:13.668  INFO [boot-otel-tempo-provider1,45688900a73f20dbc6c7596ce98e1b32,be13a1347fdd635b] 7 --- [io-8090-exec-21] i.o.example.flight.FlighController       : processing Request 
2023-02-20 22:57:13.670  INFO [boot-otel-tempo-provider1,45688900a73f20dbc6c7596ce98e1b32,295459a2138fbac1] 7 --- [io-8090-exec-21] i.o.example.flight.FlightService         : Doing some work In New span 
2023-02-20 22:57:13.644  INFO [boot-otel-tempo-provider1,f2d8e79513bff5f8841c34e22ada770e,a7c3edd03130f8fa] 7 --- [io-8090-exec-12] i.o.example.flight.FlighController       : processing Request 
2023-02-20 22:57:13.675  INFO [boot-otel-tempo-provider1,9e988997130d7678252b0fe0b58bc8ba,eeb7728d2caf0439] 7 --- [io-8090-exec-20] i.o.example.flight.FlighController       : processing Request 
2023-02-20 22:57:13.688  INFO [boot-otel-tempo-provider1,66a9c8dca4254e36b01cd2477f6b8989,8a5e925097148a5b] 7 --- [io-8090-exec-24] i.o.example.flight.FlighController       : processing Request 
2023-02-20 22:57:13.690  INFO [boot-otel-tempo-provider1,66a9c8dca4254e36b01cd2477f6b8989,068e2930e3793979] 7 --- [io-8090-exec-24] i.o.example.flight.FlightService         : Doing some work In New span 
2023-02-20 22:57:13.691  INFO [boot-otel-tempo-provider1,fd6b9acff257392d80f820f2cf277835,f8cc11e900fd4ffb] 7 --- [io-8090-exec-23] i.o.example.flight.FlighController       : processing Request 
2023-02-20 22:57:13.695  INFO [boot-otel-tempo-provider1,fd6b9acff257392d80f820f2cf277835,c6a6e61468b72517] 7 --- [io-8090-exec-23] i.o.example.flight.FlightService         : Doing some work In New span 
2023-02-20 22:57:13.661  INFO [boot-otel-tempo-provider1,1bc7b95f19152095f5c145a502016c39,cbea05901c65d729] 7 --- [io-8090-exec-19] i.o.example.flight.FlightService         : Doing some work In New span 
2023-02-20 22:57:13.663  INFO [boot-otel-tempo-provider1,23ae7670220649a98d2ec9606cb9f45f,d5a33ef397fa19cd] 7 --- [io-8090-exec-16] i.o.example.flight.FlightService         : Doing some work In New span 
2023-02-20 22:57:13.671  INFO [boot-otel-tempo-provider1,8a4ea5af8952ce6f8efed0f047ec5bfe,6bd1e34b95850df7] 7 --- [io-8090-exec-17] i.o.example.flight.FlightService         : Doing some work In New span 
2023-02-20 22:57:13.680  INFO [boot-otel-tempo-provider1,9e988997130d7678252b0fe0b58bc8ba,baf73d98fae63372] 7 --- [io-8090-exec-20] i.o.example.flight.FlightService         : Doing some work In New span 
2023-02-20 22:57:13.694  INFO [boot-otel-tempo-provider1,f2d8e79513bff5f8841c34e22ada770e,fde0cdc1119d7686] 7 --- [io-8090-exec-12] i.o.example.flight.FlightService         : Doing some work In New span 
2023-02-20 22:57:13.713  INFO [boot-otel-tempo-provider1,d71638cf691730bbee6e0ef67031ad7a,39fa6a2f3aa67677] 7 --- [io-8090-exec-27] i.o.example.flight.FlighController       : processing Request 
2023-02-20 22:57:13.700  INFO [boot-otel-tempo-provider1,35e58e20808e696b10c73387928c46c7,aff2cf4987eedec7] 7 --- [io-8090-exec-25] i.o.example.flight.FlighController       : processing Request 
2023-02-20 22:57:13.723  INFO [boot-otel-tempo-provider1,e1707f488a357ff7894d21744f957070,15155ed3c9308dfa] 7 --- [io-8090-exec-29] i.o.example.flight.FlighController       : processing Request 
2023-02-20 22:57:13.725  INFO [boot-otel-tempo-provider1,e1707f488a357ff7894d21744f957070,9e7ae1f66dc66a34] 7 --- [io-8090-exec-29] i.o.example.flight.FlightService         : Doing some work In New span 
2023-02-20 22:57:13.727  INFO [boot-otel-tempo-provider1,9ce322fae435458ef98f6e2429320929,6d8e8fd9ec413fd9] 7 --- [io-8090-exec-31] i.o.example.flight.FlighController       : processing Request 
2023-02-20 22:57:13.728  INFO [boot-otel-tempo-provider1,9ce322fae435458ef98f6e2429320929,7978e5323a009d53] 7 --- [io-8090-exec-31] i.o.example.flight.FlightService         : Doing some work In New span 
2023-02-20 22:57:13.678  INFO [boot-otel-tempo-provider1,1b38463661483abe744a0cd9d476b98e,0d5d5fb9093798b1] 7 --- [io-8090-exec-22] i.o.example.flight.FlighController       : processing Request 
2023-02-20 22:57:13.701  INFO [boot-otel-tempo-provider1,693f2bda851e9e9a2d60877188be0aad,d6604924e1e8ca76] 7 --- [io-8090-exec-26] i.o.example.flight.FlighController       : processing Request 
2023-02-20 22:57:13.732  INFO [boot-otel-tempo-provider1,1b38463661483abe744a0cd9d476b98e,763a5c490c5fa7a6] 7 --- [io-8090-exec-22] i.o.example.flight.FlightService         : Doing some work In New span 
2023-02-20 22:57:13.717  INFO [boot-otel-tempo-provider1,19b0755d1ab9d3b87315f3bb34a207bf,36b104957e5570cf] 7 --- [io-8090-exec-30] i.o.example.flight.FlighController       : processing Request 
2023-02-20 22:57:13.736  INFO [boot-otel-tempo-provider1,693f2bda851e9e9a2d60877188be0aad,125913d774ae74dc] 7 --- [io-8090-exec-26] i.o.example.flight.FlightService         : Doing some work In New span 
2023-02-20 22:57:13.744  INFO [boot-otel-tempo-provider1,2fb368088858d7570e32546fb04a3928,75b4ad02f6f9c1b8] 7 --- [io-8090-exec-35] i.o.example.flight.FlighController       : processing Request 
2023-02-20 22:57:13.746  INFO [boot-otel-tempo-provider1,2fb368088858d7570e32546fb04a3928,e15bfffcccbf0c33] 7 --- [io-8090-exec-35] i.o.example.flight.FlightService         : Doing some work In New span 
2023-02-20 22:57:13.755  INFO [boot-otel-tempo-provider1,6e7d4a870eab2ad0edd6b2a300c6ea93,68dc4877d4d04ca6] 7 --- [io-8090-exec-36] i.o.example.flight.FlighController       : processing Request 
2023-02-20 22:57:13.756  INFO [boot-otel-tempo-provider1,6e7d4a870eab2ad0edd6b2a300c6ea93,77141c2be33d6bc7] 7 --- [io-8090-exec-36] i.o.example.flight.FlightService         : Doing some work In New span 
2023-02-20 22:57:13.758  INFO [boot-otel-tempo-provider1,63c597f16dbdf8503fb696e476ef058b,46d34d6ec2e85e80] 7 --- [io-8090-exec-39] i.o.example.flight.FlighController       : processing Request 
2023-02-20 22:57:13.760  INFO [boot-otel-tempo-provider1,63c597f16dbdf8503fb696e476ef058b,b65c2766b059cdc0] 7 --- [io-8090-exec-39] i.o.example.flight.FlightService         : Doing some work In New span 
2023-02-20 22:57:13.760  INFO [boot-otel-tempo-provider1,91fae7e5ce5cc5eb38bb362ba79920b2,f984073426c54cde] 7 --- [io-8090-exec-37] i.o.example.flight.FlighController       : processing Request 
2023-02-20 22:57:13.764  INFO [boot-otel-tempo-provider1,91fae7e5ce5cc5eb38bb362ba79920b2,8a0413919ad0ff3e] 7 --- [io-8090-exec-37] i.o.example.flight.FlightService         : Doing some work In New span 
2023-02-20 22:57:13.769  INFO [boot-otel-tempo-provider1,229741fa434a9ad8f7a950527753969f,191b2d9c8da7af7b] 7 --- [io-8090-exec-41] i.o.example.flight.FlighController       : processing Request 
2023-02-20 22:57:13.769  INFO [boot-otel-tempo-provider1,3534a9b33e4a102256b67049cf620fb4,d316b3b7da072ad8] 7 --- [io-8090-exec-40] i.o.example.flight.FlighController       : processing Request 
2023-02-20 22:57:13.771  INFO [boot-otel-tempo-provider1,229741fa434a9ad8f7a950527753969f,4abe713665ed9748] 7 --- [io-8090-exec-41] i.o.example.flight.FlightService         : Doing some work In New span 
2023-02-20 22:57:13.773  INFO [boot-otel-tempo-provider1,3534a9b33e4a102256b67049cf620fb4,b4e69129ed66967a] 7 --- [io-8090-exec-40] i.o.example.flight.FlightService         : Doing some work In New span 
2023-02-20 22:57:13.742  INFO [boot-otel-tempo-provider1,6fd9019d897d2c91bc8dc744f110402f,cd71e11681b82868] 7 --- [io-8090-exec-34] i.o.example.flight.FlighController       : processing Request 
2023-02-20 22:57:13.775  INFO [boot-otel-tempo-provider1,19b0755d1ab9d3b87315f3bb34a207bf,6ed73012611ea8e7] 7 --- [io-8090-exec-30] i.o.example.flight.FlightService         : Doing some work In New span 
2023-02-20 22:57:13.720  INFO [boot-otel-tempo-provider1,d71638cf691730bbee6e0ef67031ad7a,d7cd4f09182d7b8a] 7 --- [io-8090-exec-27] i.o.example.flight.FlightService         : Doing some work In New span 
2023-02-20 22:57:13.789  INFO [boot-otel-tempo-provider1,0c5df8b0183446df61d66c50f00b3d1b,79a1f219b253ebcd] 7 --- [io-8090-exec-46] i.o.example.flight.FlighController       : processing Request 
2023-02-20 22:57:13.723  INFO [boot-otel-tempo-provider1,40ced59a0f2be46ffdf4362090841c32,de16d3b8edf70588] 7 --- [io-8090-exec-28] i.o.example.flight.FlighController       : processing Request 
2023-02-20 22:57:13.792  INFO [boot-otel-tempo-provider1,0c5df8b0183446df61d66c50f00b3d1b,511721169eb37ac7] 7 --- [io-8090-exec-46] i.o.example.flight.FlightService         : Doing some work In New span 
2023-02-20 22:57:13.729  INFO [boot-otel-tempo-provider1,35e58e20808e696b10c73387928c46c7,76fa5fd8ce456c01] 7 --- [io-8090-exec-25] i.o.example.flight.FlightService         : Doing some work In New span 
2023-02-20 22:57:13.728  INFO [boot-otel-tempo-provider1,91c95f1d9b4a7133c6d50e8fce4608bb,467dd7c50f03adac] 7 --- [io-8090-exec-32] i.o.example.flight.FlighController       : processing Request 
2023-02-20 22:57:13.756  INFO [boot-otel-tempo-provider1,9612ef131fbe1705c8e91c12454696ae,2fae63221fa03226] 7 --- [io-8090-exec-38] i.o.example.flight.FlighController       : processing Request 
2023-02-20 22:57:13.742  INFO [boot-otel-tempo-provider1,a802f3a4640992ad36ac6bd0c897be20,115a3353a8016848] 7 --- [io-8090-exec-33] i.o.example.flight.FlighController       : processing Request 
2023-02-20 22:57:13.776  INFO [boot-otel-tempo-provider1,6fd9019d897d2c91bc8dc744f110402f,4f95877112ae8f39] 7 --- [io-8090-exec-34] i.o.example.flight.FlightService         : Doing some work In New span 
2023-02-20 22:57:13.815  INFO [boot-otel-tempo-provider1,a802f3a4640992ad36ac6bd0c897be20,5d5a1bbfd6a08733] 7 --- [io-8090-exec-33] i.o.example.flight.FlightService         : Doing some work In New span 
2023-02-20 22:57:13.783  INFO [boot-otel-tempo-provider1,1332d79a876a55a13bafb7a548ea4756,529871e2095473fa] 7 --- [io-8090-exec-43] i.o.example.flight.FlighController       : processing Request 
2023-02-20 22:57:13.784  INFO [boot-otel-tempo-provider1,ae57a3152898880d0df045ff736bd50f,1938af29ce76849d] 7 --- [io-8090-exec-42] i.o.example.flight.FlighController       : processing Request 
2023-02-20 22:57:13.786  INFO [boot-otel-tempo-provider1,a9adec3f30e510faeba8a8a3c68b3e92,c87cf0e35b4b8ed0] 7 --- [io-8090-exec-44] i.o.example.flight.FlighController       : processing Request 
2023-02-20 22:57:13.820  INFO [boot-otel-tempo-provider1,ae57a3152898880d0df045ff736bd50f,a0d379286bd9238b] 7 --- [io-8090-exec-42] i.o.example.flight.FlightService         : Doing some work In New span 
2023-02-20 22:57:13.824  INFO [boot-otel-tempo-provider1,15b7a460743cc5f9d5835183e509e7a1,94da023a522364f2] 7 --- [io-8090-exec-47] i.o.example.flight.FlighController       : processing Request 
2023-02-20 22:57:13.826  INFO [boot-otel-tempo-provider1,15b7a460743cc5f9d5835183e509e7a1,8dd3a80d44e1abb8] 7 --- [io-8090-exec-47] i.o.example.flight.FlightService         : Doing some work In New span 
2023-02-20 22:57:13.829  INFO [boot-otel-tempo-provider1,e9badc0248c1dcac2468e3164bd56a93,f28b8d020ef6a51a] 7 --- [io-8090-exec-49] i.o.example.flight.FlighController       : processing Request 
2023-02-20 22:57:13.836  INFO [boot-otel-tempo-provider1,e9badc0248c1dcac2468e3164bd56a93,9eeeb3e686f462df] 7 --- [io-8090-exec-49] i.o.example.flight.FlightService         : Doing some work In New span 
2023-02-20 22:57:13.841  INFO [boot-otel-tempo-provider1,f0315d886a14fe8e0aa67e9042fc569d,b8360f7cc834f7c8] 7 --- [io-8090-exec-52] i.o.example.flight.FlighController       : processing Request 
2023-02-20 22:57:13.787  INFO [boot-otel-tempo-provider1,843a849e1f28890d03f43f9b04ff4bb4,2236ee5c45406780] 7 --- [io-8090-exec-45] i.o.example.flight.FlighController       : processing Request 
2023-02-20 22:57:13.794  INFO [boot-otel-tempo-provider1,40ced59a0f2be46ffdf4362090841c32,feff33264e87a6ef] 7 --- [io-8090-exec-28] i.o.example.flight.FlightService         : Doing some work In New span 
2023-02-20 22:57:13.810  INFO [boot-otel-tempo-provider1,91c95f1d9b4a7133c6d50e8fce4608bb,c859abdc6237f54f] 7 --- [io-8090-exec-32] i.o.example.flight.FlightService         : Doing some work In New span 
2023-02-20 22:57:13.814  INFO [boot-otel-tempo-provider1,9612ef131fbe1705c8e91c12454696ae,dcf98c5134659a3a] 7 --- [io-8090-exec-38] i.o.example.flight.FlightService         : Doing some work In New span 
2023-02-20 22:57:13.818  INFO [boot-otel-tempo-provider1,1332d79a876a55a13bafb7a548ea4756,0400bce27bb3ccaa] 7 --- [io-8090-exec-43] i.o.example.flight.FlightService         : Doing some work In New span 
2023-02-20 22:57:13.847  INFO [boot-otel-tempo-provider1,a437a48fa8d86b14989d7edeac8be6ac,4a73b56660b8a940] 7 --- [io-8090-exec-50] i.o.example.flight.FlighController       : processing Request 
2023-02-20 22:57:13.853  INFO [boot-otel-tempo-provider1,a437a48fa8d86b14989d7edeac8be6ac,dad4d15c0db6dfbc] 7 --- [io-8090-exec-50] i.o.example.flight.FlightService         : Doing some work In New span 
2023-02-20 22:57:13.858  INFO [boot-otel-tempo-provider1,5a4499c7bbc75aa022abb8315ff0b90f,e70c6b262044662a] 7 --- [io-8090-exec-55] i.o.example.flight.FlighController       : processing Request 
2023-02-20 22:57:13.861  INFO [boot-otel-tempo-provider1,5a4499c7bbc75aa022abb8315ff0b90f,24110bcdf6b615de] 7 --- [io-8090-exec-55] i.o.example.flight.FlightService         : Doing some work In New span 
2023-02-20 22:57:13.864  INFO [boot-otel-tempo-provider1,e9bbb0076fd80d5b552985c3ffcbacba,88ee86f2647ea072] 7 --- [io-8090-exec-56] i.o.example.flight.FlighController       : processing Request 
2023-02-20 22:57:13.867  INFO [boot-otel-tempo-provider1,e9bbb0076fd80d5b552985c3ffcbacba,2c17793689e13c9b] 7 --- [io-8090-exec-56] i.o.example.flight.FlightService         : Doing some work In New span 
2023-02-20 22:57:13.872  INFO [boot-otel-tempo-provider1,fe5d514610b4d8f844bd975317d455f2,000fdbb1e27922f4] 7 --- [io-8090-exec-58] i.o.example.flight.FlighController       : processing Request 
2023-02-20 22:57:13.873  INFO [boot-otel-tempo-provider1,aa6b1aff6f1fd5f6eb846a82d7682b36,075859e8d5903e15] 7 --- [io-8090-exec-54] i.o.example.flight.FlighController       : processing Request 
2023-02-20 22:57:13.875  INFO [boot-otel-tempo-provider1,aa6b1aff6f1fd5f6eb846a82d7682b36,a880882c3fc17647] 7 --- [io-8090-exec-54] i.o.example.flight.FlightService         : Doing some work In New span 
2023-02-20 22:57:13.879  INFO [boot-otel-tempo-provider1,1b4cd8406bce50b206836c2066d8ec72,f8ec399124f741c4] 7 --- [io-8090-exec-57] i.o.example.flight.FlighController       : processing Request 
2023-02-20 22:57:13.887  INFO [boot-otel-tempo-provider1,1b4cd8406bce50b206836c2066d8ec72,4c7eed6037845727] 7 --- [io-8090-exec-57] i.o.example.flight.FlightService         : Doing some work In New span 
2023-02-20 22:57:13.895  INFO [boot-otel-tempo-provider1,6251a609212e5d7f12604a7485e1a123,d70969902b765fb6] 7 --- [io-8090-exec-62] i.o.example.flight.FlighController       : processing Request 
2023-02-20 22:57:13.910  INFO [boot-otel-tempo-provider1,6251a609212e5d7f12604a7485e1a123,7a526710c6fc59a3] 7 --- [io-8090-exec-62] i.o.example.flight.FlightService         : Doing some work In New span 
2023-02-20 22:57:13.925  INFO [boot-otel-tempo-provider1,cd15898f13811b1b2f9edcab4a1b127f,3a3a4a562eac682d] 7 --- [io-8090-exec-64] i.o.example.flight.FlighController       : processing Request 
2023-02-20 22:57:13.843  INFO [boot-otel-tempo-provider1,f0315d886a14fe8e0aa67e9042fc569d,52f4884205d4c5da] 7 --- [io-8090-exec-52] i.o.example.flight.FlightService         : Doing some work In New span 
2023-02-20 22:57:13.874  INFO [boot-otel-tempo-provider1,fe5d514610b4d8f844bd975317d455f2,2385c2be7726e9a9] 7 --- [io-8090-exec-58] i.o.example.flight.FlightService         : Doing some work In New span 
2023-02-20 22:57:13.833  INFO [boot-otel-tempo-provider1,ae79579c63737e088c366aaa3ab6b428,e4022dc2e0ef647a] 7 --- [io-8090-exec-48] i.o.example.flight.FlighController       : processing Request 
2023-02-20 22:57:13.959  INFO [boot-otel-tempo-provider1,ae79579c63737e088c366aaa3ab6b428,e91ae4b2a8e8a20b] 7 --- [io-8090-exec-48] i.o.example.flight.FlightService         : Doing some work In New span 
2023-02-20 22:57:13.844  INFO [boot-otel-tempo-provider1,843a849e1f28890d03f43f9b04ff4bb4,7f76ed265d56a1da] 7 --- [io-8090-exec-45] i.o.example.flight.FlightService         : Doing some work In New span 
2023-02-20 22:57:13.896  INFO [boot-otel-tempo-provider1,62831644445bdf0d9c77b53616067ebc,072bfad404cd62a3] 7 --- [io-8090-exec-53] i.o.example.flight.FlighController       : processing Request 
2023-02-20 22:57:13.902  INFO [boot-otel-tempo-provider1,0179f6d1319ead7c0e270d0172f74f6d,e8ce95631b43ffd9] 7 --- [io-8090-exec-59] i.o.example.flight.FlighController       : processing Request 
2023-02-20 22:57:13.963  INFO [boot-otel-tempo-provider1,62831644445bdf0d9c77b53616067ebc,b5b9f2f47b354fae] 7 --- [io-8090-exec-53] i.o.example.flight.FlightService         : Doing some work In New span 
2023-02-20 22:57:13.968  INFO [boot-otel-tempo-provider1,c5c41b4a88b9d344050f0ff8a7e3b330,9c8974208d3ebdfa] 7 --- [io-8090-exec-65] i.o.example.flight.FlighController       : processing Request 
2023-02-20 22:57:13.883  INFO [boot-otel-tempo-provider1,855a954d913f83900561f6ea0127e7fe,5625e4834070af23] 7 --- [io-8090-exec-60] i.o.example.flight.FlighController       : processing Request 
2023-02-20 22:57:13.972  INFO [boot-otel-tempo-provider1,c5c41b4a88b9d344050f0ff8a7e3b330,ccd7badf6203216c] 7 --- [io-8090-exec-65] i.o.example.flight.FlightService         : Doing some work In New span 
2023-02-20 22:57:13.984  INFO [boot-otel-tempo-provider1,2fc44970abbde10cb342c61a55863c2a,3c63b67d1954da68] 7 --- [io-8090-exec-67] i.o.example.flight.FlighController       : processing Request 
2023-02-20 22:57:14.000  INFO [boot-otel-tempo-provider1,2fc44970abbde10cb342c61a55863c2a,d0ba276c7f282174] 7 --- [io-8090-exec-67] i.o.example.flight.FlightService         : Doing some work In New span 
2023-02-20 22:57:14.005  INFO [boot-otel-tempo-provider1,20199f1de8debc0cba6aa2ee1dc3a9f2,b1df13bee11e94eb] 7 --- [io-8090-exec-68] i.o.example.flight.FlighController       : processing Request 
2023-02-20 22:57:13.989  INFO [boot-otel-tempo-provider1,3e89001041fe810ca5cbe9f0311fbf4f,4375ab2414fe4c2c] 7 --- [io-8090-exec-66] i.o.example.flight.FlighController       : processing Request 
2023-02-20 22:57:14.026  INFO [boot-otel-tempo-provider1,3e89001041fe810ca5cbe9f0311fbf4f,1cacfe253ed09c1b] 7 --- [io-8090-exec-66] i.o.example.flight.FlightService         : Doing some work In New span 
2023-02-20 22:57:14.031  INFO [boot-otel-tempo-provider1,9b28c2766624842074369583dd6802de,b070430111a315a1] 7 --- [io-8090-exec-73] i.o.example.flight.FlighController       : processing Request 
2023-02-20 22:57:14.032  INFO [boot-otel-tempo-provider1,9b28c2766624842074369583dd6802de,fe282377d8d3166c] 7 --- [io-8090-exec-73] i.o.example.flight.FlightService         : Doing some work In New span 
2023-02-20 22:57:14.018  INFO [boot-otel-tempo-provider1,20199f1de8debc0cba6aa2ee1dc3a9f2,ee95532ba9f0ac65] 7 --- [io-8090-exec-68] i.o.example.flight.FlightService         : Doing some work In New span 
2023-02-20 22:57:13.926  INFO [boot-otel-tempo-provider1,fc2af7ddc7797d5438b37fc89d021810,bce7a36ae4c9dcba] 7 --- [io-8090-exec-61] i.o.example.flight.FlighController       : processing Request 
2023-02-20 22:57:13.947  INFO [boot-otel-tempo-provider1,cd15898f13811b1b2f9edcab4a1b127f,06a2b32923654189] 7 --- [io-8090-exec-64] i.o.example.flight.FlightService         : Doing some work In New span 
2023-02-20 22:57:13.935  INFO [boot-otel-tempo-provider1,95f977e1ac9a60fbd76a7fda3fafe50e,cf5dc6662d132293] 7 --- [io-8090-exec-63] i.o.example.flight.FlighController       : processing Request 
2023-02-20 22:57:13.843  INFO [boot-otel-tempo-provider1,a9adec3f30e510faeba8a8a3c68b3e92,ba8af2befc728019] 7 --- [io-8090-exec-44] i.o.example.flight.FlightService         : Doing some work In New span 
2023-02-20 22:57:13.834  INFO [boot-otel-tempo-provider1,6e3bbd4b85468eeea9e3b389aa95140f,5dc17fd1a31a89e0] 7 --- [io-8090-exec-51] i.o.example.flight.FlighController       : processing Request 
2023-02-20 22:57:13.964  INFO [boot-otel-tempo-provider1,0179f6d1319ead7c0e270d0172f74f6d,113e06359f9d9f96] 7 --- [io-8090-exec-59] i.o.example.flight.FlightService         : Doing some work In New span 
2023-02-20 22:57:14.254  INFO [boot-otel-tempo-provider1,95f977e1ac9a60fbd76a7fda3fafe50e,481a320cf14cd8f4] 7 --- [io-8090-exec-63] i.o.example.flight.FlightService         : Doing some work In New span 
2023-02-20 22:57:14.251  INFO [boot-otel-tempo-provider1,c3d3f43614cf71ed39200324f3d74cda,4715285ddfba3b9f] 7 --- [io-8090-exec-75] i.o.example.flight.FlighController       : processing Request 
2023-02-20 22:57:14.241  INFO [boot-otel-tempo-provider1,107798b4b7a712ff6ea6a8df605b30f2,a6dea802c3049924] 7 --- [io-8090-exec-76] i.o.example.flight.FlighController       : processing Request 
2023-02-20 22:57:14.265  INFO [boot-otel-tempo-provider1,107798b4b7a712ff6ea6a8df605b30f2,138f3702636b0eff] 7 --- [io-8090-exec-76] i.o.example.flight.FlightService         : Doing some work In New span 
2023-02-20 22:57:14.268  INFO [boot-otel-tempo-provider1,6a2454620fdbdd906500c652dd38a315,56a753650749ba7e] 7 --- [io-8090-exec-82] i.o.example.flight.FlighController       : processing Request 
2023-02-20 22:57:14.270  INFO [boot-otel-tempo-provider1,6a2454620fdbdd906500c652dd38a315,b14547dbcfc0dc6a] 7 --- [io-8090-exec-82] i.o.example.flight.FlightService         : Doing some work In New span 
2023-02-20 22:57:14.008  INFO [boot-otel-tempo-provider1,6e57f95cf3e2645c262281d20f8c5e4e,877243607e0cac39] 7 --- [io-8090-exec-69] i.o.example.flight.FlighController       : processing Request 
2023-02-20 22:57:14.013  INFO [boot-otel-tempo-provider1,a9ec41b5ba6629111afc838f0f569886,f1b6d78f39131a84] 7 --- [io-8090-exec-71] i.o.example.flight.FlighController       : processing Request 
2023-02-20 22:57:14.283  INFO [boot-otel-tempo-provider1,6e57f95cf3e2645c262281d20f8c5e4e,cb5017c3e060bd0a] 7 --- [io-8090-exec-69] i.o.example.flight.FlightService         : Doing some work In New span 
2023-02-20 22:57:14.286  INFO [boot-otel-tempo-provider1,ef34ca962bdde0fc260be192e08a94c2,2c7f9a8b007c49b4] 7 --- [io-8090-exec-85] i.o.example.flight.FlighController       : processing Request 
2023-02-20 22:57:14.287  INFO [boot-otel-tempo-provider1,ef34ca962bdde0fc260be192e08a94c2,f049fe5a4409e1e0] 7 --- [io-8090-exec-85] i.o.example.flight.FlightService         : Doing some work In New span 
2023-02-20 22:57:14.290  INFO [boot-otel-tempo-provider1,6f8e0752bf87c93b5f264fc2e71778b4,11a584e1e2d1d312] 7 --- [io-8090-exec-86] i.o.example.flight.FlighController       : processing Request 
2023-02-20 22:57:14.291  INFO [boot-otel-tempo-provider1,6f8e0752bf87c93b5f264fc2e71778b4,666532dfd8418b61] 7 --- [io-8090-exec-86] i.o.example.flight.FlightService         : Doing some work In New span 
2023-02-20 22:57:14.294  INFO [boot-otel-tempo-provider1,72bd210bf857cf7354cf6d923f579c82,4c308b0b36da74c0] 7 --- [io-8090-exec-88] i.o.example.flight.FlighController       : processing Request 
2023-02-20 22:57:14.295  INFO [boot-otel-tempo-provider1,72bd210bf857cf7354cf6d923f579c82,55ded308e1f3aed1] 7 --- [io-8090-exec-88] i.o.example.flight.FlightService         : Doing some work In New span 
2023-02-20 22:57:14.299  INFO [boot-otel-tempo-provider1,745a90768a96e250b3adbda4cec3cb85,ef66a27f2762f5bb] 7 --- [io-8090-exec-87] i.o.example.flight.FlighController       : processing Request 
2023-02-20 22:57:14.300  INFO [boot-otel-tempo-provider1,745a90768a96e250b3adbda4cec3cb85,6efb28124a0ac868] 7 --- [io-8090-exec-87] i.o.example.flight.FlightService         : Doing some work In New span 
2023-02-20 22:57:14.015  INFO [boot-otel-tempo-provider1,ed06bd114d1406031eea90797a6023fe,f9757d4b7a08c15d] 7 --- [io-8090-exec-72] i.o.example.flight.FlighController       : processing Request 
2023-02-20 22:57:14.016  INFO [boot-otel-tempo-provider1,664e5705e46003119f41d2d68ea72246,ed4fbb603972a003] 7 --- [io-8090-exec-70] i.o.example.flight.FlighController       : processing Request 
2023-02-20 22:57:14.031  INFO [boot-otel-tempo-provider1,aec7b6287c3b815fdeb39c2f5c1ac874,cebf5ccc7d756c6c] 7 --- [io-8090-exec-74] i.o.example.flight.FlighController       : processing Request 
2023-02-20 22:57:14.026  INFO [boot-otel-tempo-provider1,855a954d913f83900561f6ea0127e7fe,af9d1dec225fd6a4] 7 --- [io-8090-exec-60] i.o.example.flight.FlightService         : Doing some work In New span 
2023-02-20 22:57:14.249  INFO [boot-otel-tempo-provider1,4f629088260005d280bbdd980a84e090,d30e04ccf1c08f9b] 7 --- [io-8090-exec-78] i.o.example.flight.FlighController       : processing Request 
2023-02-20 22:57:14.252  INFO [boot-otel-tempo-provider1,fc2af7ddc7797d5438b37fc89d021810,76d41e6831cce67f] 7 --- [io-8090-exec-61] i.o.example.flight.FlightService         : Doing some work In New span 
2023-02-20 22:57:14.257  INFO [boot-otel-tempo-provider1,6e3bbd4b85468eeea9e3b389aa95140f,df347cb57ec83d8e] 7 --- [io-8090-exec-51] i.o.example.flight.FlightService         : Doing some work In New span 
2023-02-20 22:57:14.262  INFO [boot-otel-tempo-provider1,dd09962a980725052181924ed9fb888a,fc633adfb7cc9748] 7 --- [io-8090-exec-81] i.o.example.flight.FlighController       : processing Request 
2023-02-20 22:57:14.318  INFO [boot-otel-tempo-provider1,61b63be4b97d0a99353a5ff8d12d9d83,48cb490738d0c5ec] 7 --- [io-8090-exec-80] i.o.example.flight.FlighController       : processing Request 
2023-02-20 22:57:14.320  INFO [boot-otel-tempo-provider1,61b63be4b97d0a99353a5ff8d12d9d83,ab8bd53150e43f7d] 7 --- [io-8090-exec-80] i.o.example.flight.FlightService         : Doing some work In New span 
2023-02-20 22:57:14.325  INFO [boot-otel-tempo-provider1,14b1830e58e61010234ca53ad237056e,e13d5ef66366ed51] 7 --- [io-8090-exec-90] i.o.example.flight.FlighController       : processing Request 
2023-02-20 22:57:14.328  INFO [boot-otel-tempo-provider1,14b1830e58e61010234ca53ad237056e,382186418e4299f8] 7 --- [io-8090-exec-90] i.o.example.flight.FlightService         : Doing some work In New span 
2023-02-20 22:57:14.335  INFO [boot-otel-tempo-provider1,30fdb9cfff4c9a9fdf6246757eae408b,d62b21a50f16ebfd] 7 --- [io-8090-exec-89] i.o.example.flight.FlighController       : processing Request 
2023-02-20 22:57:14.247  INFO [boot-otel-tempo-provider1,521a734285db9aee7e74757b26ecac30,42ae179eebe02233] 7 --- [io-8090-exec-77] i.o.example.flight.FlighController       : processing Request 
2023-02-20 22:57:14.264  INFO [boot-otel-tempo-provider1,c3d3f43614cf71ed39200324f3d74cda,7229bf8ca4210e6e] 7 --- [io-8090-exec-75] i.o.example.flight.FlightService         : Doing some work In New span 
2023-02-20 22:57:14.339  INFO [boot-otel-tempo-provider1,dad17b08cb58029ad61feeb3d0c2ae5e,9b0da758310856ff] 7 --- [io-8090-exec-91] i.o.example.flight.FlighController       : processing Request 
2023-02-20 22:57:14.341  INFO [boot-otel-tempo-provider1,dad17b08cb58029ad61feeb3d0c2ae5e,f6f0ed8506bf0085] 7 --- [io-8090-exec-91] i.o.example.flight.FlightService         : Doing some work In New span 
2023-02-20 22:57:14.249  INFO [boot-otel-tempo-provider1,8cf5854331f30af02179b36be97ab8ed,73946fb04e1f1647] 7 --- [io-8090-exec-79] i.o.example.flight.FlighController       : processing Request 
2023-02-20 22:57:14.283  INFO [boot-otel-tempo-provider1,4f1d1b71dbcdbbdc884ecf764c6754ab,536128da4c9739f1] 7 --- [io-8090-exec-83] i.o.example.flight.FlighController       : processing Request 
2023-02-20 22:57:14.305  INFO [boot-otel-tempo-provider1,a9ec41b5ba6629111afc838f0f569886,0765377ef4bcfc7a] 7 --- [io-8090-exec-71] i.o.example.flight.FlightService         : Doing some work In New span 
2023-02-20 22:57:14.309  INFO [boot-otel-tempo-provider1,aec7b6287c3b815fdeb39c2f5c1ac874,e107dc1b40087fdc] 7 --- [io-8090-exec-74] i.o.example.flight.FlightService         : Doing some work In New span 
2023-02-20 22:57:14.313  INFO [boot-otel-tempo-provider1,4f629088260005d280bbdd980a84e090,6881403c06c4ca50] 7 --- [io-8090-exec-78] i.o.example.flight.FlightService         : Doing some work In New span 
2023-02-20 22:57:14.306  INFO [boot-otel-tempo-provider1,ed06bd114d1406031eea90797a6023fe,4efead75f80b1afe] 7 --- [io-8090-exec-72] i.o.example.flight.FlightService         : Doing some work In New span 
2023-02-20 22:57:14.336  INFO [boot-otel-tempo-provider1,dd09962a980725052181924ed9fb888a,89ae12d19b1ceb90] 7 --- [io-8090-exec-81] i.o.example.flight.FlightService         : Doing some work In New span 
2023-02-20 22:57:14.308  INFO [boot-otel-tempo-provider1,92bbbf53de463ee3d22cd9beba64a6f2,f7b2ad43b83f08c2] 7 --- [io-8090-exec-84] i.o.example.flight.FlighController       : processing Request 
2023-02-20 22:57:14.308  INFO [boot-otel-tempo-provider1,664e5705e46003119f41d2d68ea72246,ee17fdda403cbd33] 7 --- [io-8090-exec-70] i.o.example.flight.FlightService         : Doing some work In New span 
2023-02-20 22:57:14.362  INFO [boot-otel-tempo-provider1,9ebab60983f5a4b79c9513ccc585e49b,f451c425b8a4cf5f] 7 --- [io-8090-exec-96] i.o.example.flight.FlighController       : processing Request 
2023-02-20 22:57:14.337  INFO [boot-otel-tempo-provider1,30fdb9cfff4c9a9fdf6246757eae408b,5f60ad6be356887e] 7 --- [io-8090-exec-89] i.o.example.flight.FlightService         : Doing some work In New span 
2023-02-20 22:57:14.339  INFO [boot-otel-tempo-provider1,521a734285db9aee7e74757b26ecac30,7230c2a9f61427d2] 7 --- [io-8090-exec-77] i.o.example.flight.FlightService         : Doing some work In New span 
2023-02-20 22:57:14.352  INFO [boot-otel-tempo-provider1,4bde4392ca5e0a3e483e66f44f8048cd,2268a10cbc4890be] 7 --- [io-8090-exec-93] i.o.example.flight.FlighController       : processing Request 
2023-02-20 22:57:14.350  INFO [boot-otel-tempo-provider1,4f1d1b71dbcdbbdc884ecf764c6754ab,90883cae78d0e377] 7 --- [io-8090-exec-83] i.o.example.flight.FlightService         : Doing some work In New span 
2023-02-20 22:57:14.369  INFO [boot-otel-tempo-provider1,f1d33a9dc723086eac9d9b4d928013a3,e1be9a018f5a8a1e] 7 --- [io-8090-exec-97] i.o.example.flight.FlighController       : processing Request 
2023-02-20 22:57:14.370  INFO [boot-otel-tempo-provider1,f1d33a9dc723086eac9d9b4d928013a3,22201f8b94ba7e39] 7 --- [io-8090-exec-97] i.o.example.flight.FlightService         : Doing some work In New span 
2023-02-20 22:57:14.375  INFO [boot-otel-tempo-provider1,825af24911834a8db67ab98e528b76b2,20f74e36893d4af0] 7 --- [io-8090-exec-98] i.o.example.flight.FlighController       : processing Request 
2023-02-20 22:57:14.356  INFO [boot-otel-tempo-provider1,64bc7a536fc452fd746360d50da0a42e,980021fc21a12353] 7 --- [io-8090-exec-94] i.o.example.flight.FlighController       : processing Request 
2023-02-20 22:57:14.349  INFO [boot-otel-tempo-provider1,8cf5854331f30af02179b36be97ab8ed,73192fac184e6907] 7 --- [io-8090-exec-79] i.o.example.flight.FlightService         : Doing some work In New span 
2023-02-20 22:57:14.359  INFO [boot-otel-tempo-provider1,92bbbf53de463ee3d22cd9beba64a6f2,2d48f9fe906fd7de] 7 --- [io-8090-exec-84] i.o.example.flight.FlightService         : Doing some work In New span 
2023-02-20 22:57:14.358  INFO [boot-otel-tempo-provider1,adbb981d3a80cf9caa910e9b8bb7c16b,ca975a034249caa2] 7 --- [io-8090-exec-95] i.o.example.flight.FlighController       : processing Request 
2023-02-20 22:57:14.383  INFO [boot-otel-tempo-provider1,adbb981d3a80cf9caa910e9b8bb7c16b,6451a3d732b0cf28] 7 --- [io-8090-exec-95] i.o.example.flight.FlightService         : Doing some work In New span 
2023-02-20 22:57:14.364  INFO [boot-otel-tempo-provider1,9ebab60983f5a4b79c9513ccc585e49b,6ddc5866210bb9ee] 7 --- [io-8090-exec-96] i.o.example.flight.FlightService         : Doing some work In New span 
2023-02-20 22:57:14.368  INFO [boot-otel-tempo-provider1,4bde4392ca5e0a3e483e66f44f8048cd,a994ace9db1bccf8] 7 --- [io-8090-exec-93] i.o.example.flight.FlightService         : Doing some work In New span 
2023-02-20 22:57:14.378  INFO [boot-otel-tempo-provider1,825af24911834a8db67ab98e528b76b2,2e130269d1327310] 7 --- [io-8090-exec-98] i.o.example.flight.FlightService         : Doing some work In New span 
2023-02-20 22:57:14.381  INFO [boot-otel-tempo-provider1,64bc7a536fc452fd746360d50da0a42e,c5222cf0723599eb] 7 --- [io-8090-exec-94] i.o.example.flight.FlightService         : Doing some work In New span 
2023-02-20 22:57:14.383  INFO [boot-otel-tempo-provider1,a95abd9ed06899e3c58990a6be922b1f,fb8fb350013d3e6b] 7 --- [o-8090-exec-100] i.o.example.flight.FlighController       : processing Request 
2023-02-20 22:57:14.388  INFO [boot-otel-tempo-provider1,dc7414854f7031882a51c239210f8a6f,e58b11088de8da7e] 7 --- [io-8090-exec-92] i.o.example.flight.FlighController       : processing Request 
2023-02-20 22:57:14.391  INFO [boot-otel-tempo-provider1,a95abd9ed06899e3c58990a6be922b1f,715bd2ac4a99ae17] 7 --- [o-8090-exec-100] i.o.example.flight.FlightService         : Doing some work In New span 
2023-02-20 22:57:14.392  INFO [boot-otel-tempo-provider1,dc7414854f7031882a51c239210f8a6f,0b8d17e784ca911f] 7 --- [io-8090-exec-92] i.o.example.flight.FlightService         : Doing some work In New span 
2023-02-20 22:57:14.394  INFO [boot-otel-tempo-provider1,c994850fd2f366d661b3c4212e684d06,22b961ff6e31011a] 7 --- [io-8090-exec-99] i.o.example.flight.FlighController       : processing Request 
2023-02-20 22:57:14.398  INFO [boot-otel-tempo-provider1,c994850fd2f366d661b3c4212e684d06,739c04a9a7342f5e] 7 --- [io-8090-exec-99] i.o.example.flight.FlightService         : Doing some work In New span 
2023-02-20 22:57:15.949  INFO [boot-otel-tempo-provider1,b159ed21b95ef15bdfe26aa9b4c3cd0e,e9975e16429ffffc] 7 --- [io-8090-exec-16] i.o.example.flight.FlighController       : processing Request 
2023-02-20 22:57:15.951  INFO [boot-otel-tempo-provider1,b159ed21b95ef15bdfe26aa9b4c3cd0e,943137beb043edf4] 7 --- [io-8090-exec-16] i.o.example.flight.FlightService         : Doing some work In New span 
2023-02-20 22:57:16.039  INFO [boot-otel-tempo-provider1,520c3f54b809c2eda9c0c01e2b50ddc7,7eb3897fc2019eab] 7 --- [io-8090-exec-51] i.o.example.flight.FlighController       : processing Request 
2023-02-20 22:57:16.040  INFO [boot-otel-tempo-provider1,520c3f54b809c2eda9c0c01e2b50ddc7,dc95c45acec0997c] 7 --- [io-8090-exec-51] i.o.example.flight.FlightService         : Doing some work In New span 
2023-02-20 22:57:16.179  INFO [boot-otel-tempo-provider1,26ef43e74476c3dd59fd1c4bf1d6257e,6874e2614a7ba166] 7 --- [io-8090-exec-63] i.o.example.flight.FlighController       : processing Request 
2023-02-20 22:57:16.180  INFO [boot-otel-tempo-provider1,26ef43e74476c3dd59fd1c4bf1d6257e,6e5a4f25a904db8f] 7 --- [io-8090-exec-63] i.o.example.flight.FlightService         : Doing some work In New span 
2023-02-20 22:57:16.254  INFO [boot-otel-tempo-provider1,4b818911405cfdc0f0b9448dd44222f6,864252551d9f8388] 7 --- [io-8090-exec-52] i.o.example.flight.FlighController       : processing Request 
2023-02-20 22:57:16.255  INFO [boot-otel-tempo-provider1,4b818911405cfdc0f0b9448dd44222f6,1c246954eae82d50] 7 --- [io-8090-exec-52] i.o.example.flight.FlightService         : Doing some work In New span 
2023-02-20 22:57:16.277  INFO [boot-otel-tempo-provider1,69441f81ab3b4833f050188afdefe702,53be6508698a91e8] 7 --- [io-8090-exec-49] i.o.example.flight.FlighController       : processing Request 
2023-02-20 22:57:16.278  INFO [boot-otel-tempo-provider1,69441f81ab3b4833f050188afdefe702,b0929061774e8eb7] 7 --- [io-8090-exec-49] i.o.example.flight.FlightService         : Doing some work In New span 
2023-02-20 22:57:16.293  INFO [boot-otel-tempo-provider1,41935ca93534e3f8b5aeab66e478aca0,d063c3d41c9e8955] 7 --- [io-8090-exec-91] i.o.example.flight.FlighController       : processing Request 
2023-02-20 22:57:16.295  INFO [boot-otel-tempo-provider1,41935ca93534e3f8b5aeab66e478aca0,51402482f7777d85] 7 --- [io-8090-exec-91] i.o.example.flight.FlightService         : Doing some work In New span 
2023-02-20 22:57:16.308  INFO [boot-otel-tempo-provider1,7e99cb9d38a12c4553c9d58dffd2e8bc,4a66a81ea8117ad5] 7 --- [io-8090-exec-27] i.o.example.flight.FlighController       : processing Request 
2023-02-20 22:57:16.310  INFO [boot-otel-tempo-provider1,7e99cb9d38a12c4553c9d58dffd2e8bc,a8a4dc2910f2a4f4] 7 --- [io-8090-exec-27] i.o.example.flight.FlightService         : Doing some work In New span 
2023-02-20 22:57:16.337  INFO [boot-otel-tempo-provider1,7a79aaa3aba5dc83f4509262077ec34a,eef67ef6315254ec] 7 --- [nio-8090-exec-5] i.o.example.flight.FlighController       : processing Request 
2023-02-20 22:57:16.339  INFO [boot-otel-tempo-provider1,7a79aaa3aba5dc83f4509262077ec34a,1a5a2ca5c0bf6a5b] 7 --- [nio-8090-exec-5] i.o.example.flight.FlightService         : Doing some work In New span 
2023-02-20 22:57:16.345  INFO [boot-otel-tempo-provider1,7d3951014731c50fb93e10edcc211d6d,f606f9aa21ce609e] 7 --- [nio-8090-exec-1] i.o.example.flight.FlighController       : processing Request 
2023-02-20 22:57:16.346  INFO [boot-otel-tempo-provider1,7d3951014731c50fb93e10edcc211d6d,54a8a5dc6e4d5426] 7 --- [nio-8090-exec-1] i.o.example.flight.FlightService         : Doing some work In New span 
2023-02-20 22:57:16.357  INFO [boot-otel-tempo-provider1,a4146fd666518c84923abdf961592735,ab67055f83585820] 7 --- [io-8090-exec-58] i.o.example.flight.FlighController       : processing Request 
2023-02-20 22:57:16.359  INFO [boot-otel-tempo-provider1,a4146fd666518c84923abdf961592735,d338d3b3fc34982e] 7 --- [io-8090-exec-58] i.o.example.flight.FlightService         : Doing some work In New span 
2023-02-20 22:57:16.369  INFO [boot-otel-tempo-provider1,2203710e08d03bfb53fdc7d071e82ba7,bfaefbffeec6e379] 7 --- [io-8090-exec-11] i.o.example.flight.FlighController       : processing Request 
2023-02-20 22:57:16.373  INFO [boot-otel-tempo-provider1,2203710e08d03bfb53fdc7d071e82ba7,a98a53c371eccf95] 7 --- [io-8090-exec-11] i.o.example.flight.FlightService         : Doing some work In New span 
2023-02-20 22:57:16.377  INFO [boot-otel-tempo-provider1,93b3d5816441115672759deb71cd59cf,8f1f6f60383e047e] 7 --- [io-8090-exec-34] i.o.example.flight.FlighController       : processing Request 
2023-02-20 22:57:16.383  INFO [boot-otel-tempo-provider1,93b3d5816441115672759deb71cd59cf,33acab349935e46b] 7 --- [io-8090-exec-34] i.o.example.flight.FlightService         : Doing some work In New span 
2023-02-20 22:57:16.423  INFO [boot-otel-tempo-provider1,e187b4e2fdcf9404162d428ffaaf11de,6953ef864fa09016] 7 --- [nio-8090-exec-8] i.o.example.flight.FlighController       : processing Request 
2023-02-20 22:57:16.423  INFO [boot-otel-tempo-provider1,77c57357eba7ecb877993044d8866010,a68c107e0c77f1af] 7 --- [io-8090-exec-36] i.o.example.flight.FlighController       : processing Request 
2023-02-20 22:57:16.427  INFO [boot-otel-tempo-provider1,77c57357eba7ecb877993044d8866010,890388519055dfa3] 7 --- [io-8090-exec-36] i.o.example.flight.FlightService         : Doing some work In New span 
2023-02-20 22:57:16.426  INFO [boot-otel-tempo-provider1,e187b4e2fdcf9404162d428ffaaf11de,383dcd83d03ce161] 7 --- [nio-8090-exec-8] i.o.example.flight.FlightService         : Doing some work In New span 
2023-02-20 22:57:16.465  INFO [boot-otel-tempo-provider1,a9c68f8723f41263eedd316bea434e2d,4551ca01d6081077] 7 --- [io-8090-exec-46] i.o.example.flight.FlighController       : processing Request 
2023-02-20 22:57:16.470  INFO [boot-otel-tempo-provider1,a9c68f8723f41263eedd316bea434e2d,e2013c3a7350d1b4] 7 --- [io-8090-exec-46] i.o.example.flight.FlightService         : Doing some work In New span 
2023-02-20 22:57:16.464  INFO [boot-otel-tempo-provider1,37f22996953604bfe8e790adb375f7e4,739973757122117c] 7 --- [nio-8090-exec-9] i.o.example.flight.FlighController       : processing Request 
2023-02-20 22:57:16.484  INFO [boot-otel-tempo-provider1,37f22996953604bfe8e790adb375f7e4,5b74bbee18864503] 7 --- [nio-8090-exec-9] i.o.example.flight.FlightService         : Doing some work In New span 
2023-02-20 22:57:16.508  INFO [boot-otel-tempo-provider1,17a3fd84df356a1fc72611a77e750c58,cd310fd4b9bf4ea6] 7 --- [io-8090-exec-97] i.o.example.flight.FlighController       : processing Request 
2023-02-20 22:57:16.517  INFO [boot-otel-tempo-provider1,70416322d867372431f0118fed319357,5368fa053365a18c] 7 --- [io-8090-exec-74] i.o.example.flight.FlighController       : processing Request 
2023-02-20 22:57:16.520  INFO [boot-otel-tempo-provider1,17a3fd84df356a1fc72611a77e750c58,7de83c96c890ccdc] 7 --- [io-8090-exec-97] i.o.example.flight.FlightService         : Doing some work In New span 
2023-02-20 22:57:16.521  INFO [boot-otel-tempo-provider1,70416322d867372431f0118fed319357,0f0f789d121a31e0] 7 --- [io-8090-exec-74] i.o.example.flight.FlightService         : Doing some work In New span 
2023-02-20 22:57:16.590  INFO [boot-otel-tempo-provider1,84cced9cb5c77b5ca35e3bf22cd2b3c5,a41bd224afe92ccd] 7 --- [io-8090-exec-72] i.o.example.flight.FlighController       : processing Request 
2023-02-20 22:57:16.592  INFO [boot-otel-tempo-provider1,84cced9cb5c77b5ca35e3bf22cd2b3c5,8a0e4fd6c4675586] 7 --- [io-8090-exec-72] i.o.example.flight.FlightService         : Doing some work In New span 
2023-02-20 22:57:16.611  INFO [boot-otel-tempo-provider1,7b0a78139407757a157c1a3cf6543f17,ef816e2bd410d21d] 7 --- [io-8090-exec-77] i.o.example.flight.FlighController       : processing Request 
2023-02-20 22:57:16.613  INFO [boot-otel-tempo-provider1,7b0a78139407757a157c1a3cf6543f17,4b5da3486ebbb249] 7 --- [io-8090-exec-77] i.o.example.flight.FlightService         : Doing some work In New span 
2023-02-20 22:57:16.658  INFO [boot-otel-tempo-provider1,004263e5e724114b4200a3aebd4b0cd0,0daa81664759a945] 7 --- [io-8090-exec-70] i.o.example.flight.FlighController       : processing Request 
2023-02-20 22:57:16.660  INFO [boot-otel-tempo-provider1,e759252125ef6058d26424865c219117,dbf317e168384b07] 7 --- [io-8090-exec-44] i.o.example.flight.FlighController       : processing Request 
2023-02-20 22:57:16.664  INFO [boot-otel-tempo-provider1,e759252125ef6058d26424865c219117,39cf488e504119b7] 7 --- [io-8090-exec-44] i.o.example.flight.FlightService         : Doing some work In New span 
2023-02-20 22:57:16.667  INFO [boot-otel-tempo-provider1,004263e5e724114b4200a3aebd4b0cd0,8133b6a901cb035d] 7 --- [io-8090-exec-70] i.o.example.flight.FlightService         : Doing some work In New span 
2023-02-20 22:57:16.681  INFO [boot-otel-tempo-provider1,81fef253ca4ad4b0ba40aac2dfe8fd88,2d9b8cb5c74de980] 7 --- [io-8090-exec-98] i.o.example.flight.FlighController       : processing Request 
2023-02-20 22:57:16.682  INFO [boot-otel-tempo-provider1,434551490e6969ec309a3cede59917f6,635b31a889b9bd24] 7 --- [io-8090-exec-93] i.o.example.flight.FlighController       : processing Request 
2023-02-20 22:57:16.687  INFO [boot-otel-tempo-provider1,434551490e6969ec309a3cede59917f6,50e9269088b2b122] 7 --- [io-8090-exec-93] i.o.example.flight.FlightService         : Doing some work In New span 
2023-02-20 22:57:16.683  INFO [boot-otel-tempo-provider1,7951095f2ad3261f682963c8b69ffc07,7189adb3a83036c6] 7 --- [o-8090-exec-100] i.o.example.flight.FlighController       : processing Request 
2023-02-20 22:57:16.698  INFO [boot-otel-tempo-provider1,7951095f2ad3261f682963c8b69ffc07,df39db2a39ec2362] 7 --- [o-8090-exec-100] i.o.example.flight.FlightService         : Doing some work In New span 
2023-02-20 22:57:16.683  INFO [boot-otel-tempo-provider1,0dfc242416e71227cd17475dcdbbb180,a66778ca1cf92ca9] 7 --- [io-8090-exec-96] i.o.example.flight.FlighController       : processing Request 
2023-02-20 22:57:16.687  INFO [boot-otel-tempo-provider1,81fef253ca4ad4b0ba40aac2dfe8fd88,12748a8253e62c33] 7 --- [io-8090-exec-98] i.o.example.flight.FlightService         : Doing some work In New span 
2023-02-20 22:57:16.693  INFO [boot-otel-tempo-provider1,3e6d9cb1a9ca49a48efb415bb3337678,2d82401a11504f29] 7 --- [io-8090-exec-95] i.o.example.flight.FlighController       : processing Request 
2023-02-20 22:57:16.776  INFO [boot-otel-tempo-provider1,3e6d9cb1a9ca49a48efb415bb3337678,fa063ecc0a7f0707] 7 --- [io-8090-exec-95] i.o.example.flight.FlightService         : Doing some work In New span 
2023-02-20 22:57:16.697  INFO [boot-otel-tempo-provider1,01ba3dfd8d68e89b7567768f3f6af84f,bd7331759f9df97a] 7 --- [io-8090-exec-84] i.o.example.flight.FlighController       : processing Request 
2023-02-20 22:57:16.702  INFO [boot-otel-tempo-provider1,ca124a765b3002609f71c44f22a4f834,41b3dcedcf3e2a39] 7 --- [io-8090-exec-94] i.o.example.flight.FlighController       : processing Request 
2023-02-20 22:57:16.801  INFO [boot-otel-tempo-provider1,ca124a765b3002609f71c44f22a4f834,8bdcc9abf4281194] 7 --- [io-8090-exec-94] i.o.example.flight.FlightService         : Doing some work In New span 
2023-02-20 22:57:16.750  INFO [boot-otel-tempo-provider1,7751cdc7f1c447766ff37688cb23deed,820a9b26f1a30592] 7 --- [io-8090-exec-73] i.o.example.flight.FlighController       : processing Request 
2023-02-20 22:57:16.752  INFO [boot-otel-tempo-provider1,0cb6bb420a6ece0e77185700afbbb1c8,7f74afdb6b851f4e] 7 --- [io-8090-exec-99] i.o.example.flight.FlighController       : processing Request 
2023-02-20 22:57:16.753  INFO [boot-otel-tempo-provider1,9bab1f351becf2ee9a6e4acad473cc33,639c8deb27591b67] 7 --- [io-8090-exec-21] i.o.example.flight.FlighController       : processing Request 
2023-02-20 22:57:16.825  INFO [boot-otel-tempo-provider1,9bab1f351becf2ee9a6e4acad473cc33,1c995244efc4129b] 7 --- [io-8090-exec-21] i.o.example.flight.FlightService         : Doing some work In New span 
2023-02-20 22:57:16.753  INFO [boot-otel-tempo-provider1,67345351278e6d3bc9f36d3184c80bab,9bf05ee072a440ab] 7 --- [io-8090-exec-18] i.o.example.flight.FlighController       : processing Request 
2023-02-20 22:57:16.753  INFO [boot-otel-tempo-provider1,7df09c592b0c5cca95e9ddcdf63f0a37,dfbaad4a72eaf3dc] 7 --- [io-8090-exec-38] i.o.example.flight.FlighController       : processing Request 
2023-02-20 22:57:16.754  INFO [boot-otel-tempo-provider1,aedf8be507b18c6c1cb890221252c924,b66ab65834e8236d] 7 --- [io-8090-exec-23] i.o.example.flight.FlighController       : processing Request 
2023-02-20 22:57:16.754  INFO [boot-otel-tempo-provider1,0dfc242416e71227cd17475dcdbbb180,9364186c8d077603] 7 --- [io-8090-exec-96] i.o.example.flight.FlightService         : Doing some work In New span 
2023-02-20 22:57:16.755  INFO [boot-otel-tempo-provider1,8356631abeffe1e9d5a239b4a3121077,674856e2d7281761] 7 --- [io-8090-exec-55] i.o.example.flight.FlighController       : processing Request 
2023-02-20 22:57:16.759  INFO [boot-otel-tempo-provider1,b03629703f15834533962d3917ad6112,380cfdceaa84e907] 7 --- [io-8090-exec-44] i.o.example.flight.FlighController       : processing Request 
2023-02-20 22:57:16.851  INFO [boot-otel-tempo-provider1,b03629703f15834533962d3917ad6112,c72d494ae433061b] 7 --- [io-8090-exec-44] i.o.example.flight.FlightService         : Doing some work In New span 
2023-02-20 22:57:16.822  INFO [boot-otel-tempo-provider1,7751cdc7f1c447766ff37688cb23deed,80559d3249315f1d] 7 --- [io-8090-exec-73] i.o.example.flight.FlightService         : Doing some work In New span 
2023-02-20 22:57:16.755  INFO [boot-otel-tempo-provider1,eb1bb0ff895b54df6ebd6177cb411254,442a54a3f20fba23] 7 --- [io-8090-exec-12] i.o.example.flight.FlighController       : processing Request 
2023-02-20 22:57:16.761  INFO [boot-otel-tempo-provider1,b36a50f7aa262b2520f2f228aededb1a,f3b21718accb6ece] 7 --- [io-8090-exec-35] i.o.example.flight.FlighController       : processing Request 
2023-02-20 22:57:16.702  INFO [boot-otel-tempo-provider1,bbbe27972c108570d43be7ad72b67549,532c77e9e2e29657] 7 --- [io-8090-exec-89] i.o.example.flight.FlighController       : processing Request 
2023-02-20 22:57:16.765  INFO [boot-otel-tempo-provider1,b98782d9a69280870b7ca2bd8c00f0a3,73d71d671d174f4d] 7 --- [io-8090-exec-37] i.o.example.flight.FlighController       : processing Request 
2023-02-20 22:57:16.776  INFO [boot-otel-tempo-provider1,b8e8298f9ba6f9ef176efb8c9f539b57,3611b4fbd7567faa] 7 --- [io-8090-exec-43] i.o.example.flight.FlighController       : processing Request 
2023-02-20 22:57:16.776  INFO [boot-otel-tempo-provider1,2f6b4a16f469c75f1411091b9da5c75d,3e2adeb72a0856dd] 7 --- [io-8090-exec-92] i.o.example.flight.FlighController       : processing Request 
2023-02-20 22:57:16.877  INFO [boot-otel-tempo-provider1,2df6bce7064d4470e8569190d0adb5e8,0a3885ae19fe281c] 7 --- [io-8090-exec-22] i.o.example.flight.FlighController       : processing Request 
2023-02-20 22:57:16.781  INFO [boot-otel-tempo-provider1,8ddf8277096e4c3e2933788621224800,aaa84157f369acbc] 7 --- [io-8090-exec-30] i.o.example.flight.FlighController       : processing Request 
2023-02-20 22:57:16.955  INFO [boot-otel-tempo-provider1,ec8a7ebd483b000966f2520303f0377e,764493628f2fa041] 7 --- [io-8090-exec-61] i.o.example.flight.FlighController       : processing Request 
2023-02-20 22:57:16.975  INFO [boot-otel-tempo-provider1,2df6bce7064d4470e8569190d0adb5e8,d16e9f64a072e451] 7 --- [io-8090-exec-22] i.o.example.flight.FlightService         : Doing some work In New span 
2023-02-20 22:57:16.980  INFO [boot-otel-tempo-provider1,b5ef7ec3099a0648a5fd1737e222bfb1,c998fb441beb1b9e] 7 --- [io-8090-exec-25] i.o.example.flight.FlighController       : processing Request 
2023-02-20 22:57:17.008  INFO [boot-otel-tempo-provider1,b5ef7ec3099a0648a5fd1737e222bfb1,102560497b81737a] 7 --- [io-8090-exec-25] i.o.example.flight.FlightService         : Doing some work In New span 
2023-02-20 22:57:16.785  INFO [boot-otel-tempo-provider1,5756b9bdd92d052c542b13b77fbcd613,4b92f698b31a6ea5] 7 --- [io-8090-exec-70] i.o.example.flight.FlighController       : processing Request 
2023-02-20 22:57:16.785  INFO [boot-otel-tempo-provider1,2827aea637085f949fe06b1102d33753,03f81a4126e4c7ba] 7 --- [io-8090-exec-42] i.o.example.flight.FlighController       : processing Request 
2023-02-20 22:57:16.787  INFO [boot-otel-tempo-provider1,48d7123cb1aaea93158d6d3ea83dc995,5b635ba4520b9732] 7 --- [io-8090-exec-17] i.o.example.flight.FlighController       : processing Request 
2023-02-20 22:57:16.790  INFO [boot-otel-tempo-provider1,ed789f5dc1ac7f5bd2dac6073c3b7152,c0d5f24c060015bf] 7 --- [nio-8090-exec-3] i.o.example.flight.FlighController       : processing Request 
2023-02-20 22:57:16.794  INFO [boot-otel-tempo-provider1,f596cf255526b11f32e41e106ad5f5f9,6a58d08c0298d9a9] 7 --- [io-8090-exec-56] i.o.example.flight.FlighController       : processing Request 
2023-02-20 22:57:17.019  INFO [boot-otel-tempo-provider1,f596cf255526b11f32e41e106ad5f5f9,87dd56bd7f479163] 7 --- [io-8090-exec-56] i.o.example.flight.FlightService         : Doing some work In New span 
2023-02-20 22:57:16.785  INFO [boot-otel-tempo-provider1,adb71957cc47a02b6482a11229d84005,b9154120d7d59adc] 7 --- [io-8090-exec-62] i.o.example.flight.FlighController       : processing Request 
2023-02-20 22:57:16.786  INFO [boot-otel-tempo-provider1,01ba3dfd8d68e89b7567768f3f6af84f,7dc63b810835ea89] 7 --- [io-8090-exec-84] i.o.example.flight.FlightService         : Doing some work In New span 
2023-02-20 22:57:16.815  INFO [boot-otel-tempo-provider1,78ee67fda65fa58194e162a6fe24b915,778dae13b26ff839] 7 --- [io-8090-exec-26] i.o.example.flight.FlighController       : processing Request 
2023-02-20 22:57:17.051  INFO [boot-otel-tempo-provider1,78ee67fda65fa58194e162a6fe24b915,1068f2526c82f9b4] 7 --- [io-8090-exec-26] i.o.example.flight.FlightService         : Doing some work In New span 
2023-02-20 22:57:16.823  INFO [boot-otel-tempo-provider1,0cb6bb420a6ece0e77185700afbbb1c8,81012343ea8c4f9b] 7 --- [io-8090-exec-99] i.o.example.flight.FlightService         : Doing some work In New span 
2023-02-20 22:57:16.817  INFO [boot-otel-tempo-provider1,39f95be67109ecede475c7b16cd765ac,8a6b88c03fa14e8c] 7 --- [io-8090-exec-39] i.o.example.flight.FlighController       : processing Request 
2023-02-20 22:57:16.821  INFO [boot-otel-tempo-provider1,a72f54f32ec6a5e58edea115e49ae26c,3291c52cbfd5bcbb] 7 --- [io-8090-exec-32] i.o.example.flight.FlighController       : processing Request 
2023-02-20 22:57:16.836  INFO [boot-otel-tempo-provider1,f4eac62aeddd00b22dcd6d0d6d22a633,361569ffb95ced90] 7 --- [io-8090-exec-33] i.o.example.flight.FlighController       : processing Request 
2023-02-20 22:57:16.838  INFO [boot-otel-tempo-provider1,7df09c592b0c5cca95e9ddcdf63f0a37,67a9c7b17bbb4b2d] 7 --- [io-8090-exec-38] i.o.example.flight.FlightService         : Doing some work In New span 
2023-02-20 22:57:16.837  INFO [boot-otel-tempo-provider1,67345351278e6d3bc9f36d3184c80bab,7966c92933fe7b42] 7 --- [io-8090-exec-18] i.o.example.flight.FlightService         : Doing some work In New span 
2023-02-20 22:57:17.058  INFO [boot-otel-tempo-provider1,39f95be67109ecede475c7b16cd765ac,5de61ed2c9465b8c] 7 --- [io-8090-exec-39] i.o.example.flight.FlightService         : Doing some work In New span 
2023-02-20 22:57:16.845  INFO [boot-otel-tempo-provider1,aedf8be507b18c6c1cb890221252c924,0347b1236c5f5e45] 7 --- [io-8090-exec-23] i.o.example.flight.FlightService         : Doing some work In New span 
2023-02-20 22:57:17.066  INFO [boot-otel-tempo-provider1,1d3f47e1e8e5bfb85333ee0e17e43173,8b4454c3af4462ac] 7 --- [io-8090-exec-64] i.o.example.flight.FlighController       : processing Request 
2023-02-20 22:57:16.849  INFO [boot-otel-tempo-provider1,8356631abeffe1e9d5a239b4a3121077,f4c0c094917efe34] 7 --- [io-8090-exec-55] i.o.example.flight.FlightService         : Doing some work In New span 
2023-02-20 22:57:16.818  INFO [boot-otel-tempo-provider1,60903803c98f8ab70d6b47f9c5f40e31,f247b14179f34cb3] 7 --- [io-8090-exec-65] i.o.example.flight.FlighController       : processing Request 
2023-02-20 22:57:16.865  INFO [boot-otel-tempo-provider1,6d68fd5a09151674cd157e2e6f4d4ca6,96aa760358a82891] 7 --- [io-8090-exec-50] i.o.example.flight.FlighController       : processing Request 
2023-02-20 22:57:16.865  INFO [boot-otel-tempo-provider1,ed4d40bd1602ef8d63c3bc8a2eae5fb7,7655f77a1d1baa36] 7 --- [io-8090-exec-82] i.o.example.flight.FlighController       : processing Request 
2023-02-20 22:57:16.901  INFO [boot-otel-tempo-provider1,bbbe27972c108570d43be7ad72b67549,e3d9bea109b507bc] 7 --- [io-8090-exec-89] i.o.example.flight.FlightService         : Doing some work In New span 
2023-02-20 22:57:17.113  INFO [boot-otel-tempo-provider1,6d68fd5a09151674cd157e2e6f4d4ca6,ee7b218f859270aa] 7 --- [io-8090-exec-50] i.o.example.flight.FlightService         : Doing some work In New span 
2023-02-20 22:57:16.902  INFO [boot-otel-tempo-provider1,b98782d9a69280870b7ca2bd8c00f0a3,c2c4070950e7cdae] 7 --- [io-8090-exec-37] i.o.example.flight.FlightService         : Doing some work In New span 
2023-02-20 22:57:16.922  INFO [boot-otel-tempo-provider1,aff4a792563bc95e48e8b4d99ccdc76c,36eb1207909758d8] 7 --- [io-8090-exec-45] i.o.example.flight.FlighController       : processing Request 
2023-02-20 22:57:16.902  INFO [boot-otel-tempo-provider1,b36a50f7aa262b2520f2f228aededb1a,724742339a6007da] 7 --- [io-8090-exec-35] i.o.example.flight.FlightService         : Doing some work In New span 
2023-02-20 22:57:16.946  INFO [boot-otel-tempo-provider1,3840af074e0c0bd93f8b974c38c62d5a,94a3aa3f192fbd36] 7 --- [io-8090-exec-85] i.o.example.flight.FlighController       : processing Request 
2023-02-20 22:57:16.947  INFO [boot-otel-tempo-provider1,cfca6277055096335e0fcfc05ff46780,c05dc5f75b78ec2c] 7 --- [io-8090-exec-67] i.o.example.flight.FlighController       : processing Request 
2023-02-20 22:57:16.898  INFO [boot-otel-tempo-provider1,eb1bb0ff895b54df6ebd6177cb411254,659684cb2c0da620] 7 --- [io-8090-exec-12] i.o.example.flight.FlightService         : Doing some work In New span 
2023-02-20 22:57:16.888  INFO [boot-otel-tempo-provider1,78c3034c0a4d315f8673f227bf27227e,205726eb71ccf743] 7 --- [io-8090-exec-57] i.o.example.flight.FlighController       : processing Request 
2023-02-20 22:57:16.892  INFO [boot-otel-tempo-provider1,b05128278b6becc3fb3066671c3bec77,c8ff4e8f367e5949] 7 --- [io-8090-exec-31] i.o.example.flight.FlighController       : processing Request 
2023-02-20 22:57:16.972  INFO [boot-otel-tempo-provider1,741feb945d5e7994c2dfc2dc11f5c19e,e6ba1b6720df99c7] 7 --- [io-8090-exec-48] i.o.example.flight.FlighController       : processing Request 
2023-02-20 22:57:16.905  INFO [boot-otel-tempo-provider1,b8e8298f9ba6f9ef176efb8c9f539b57,2e5bc416dd434fed] 7 --- [io-8090-exec-43] i.o.example.flight.FlightService         : Doing some work In New span 
2023-02-20 22:57:16.974  INFO [boot-otel-tempo-provider1,762c8ecd6399a5419dec80c14cc85be3,71347dd8e3c0b8a4] 7 --- [io-8090-exec-10] i.o.example.flight.FlighController       : processing Request 
2023-02-20 22:57:16.974  INFO [boot-otel-tempo-provider1,e8a23c74d8f6714946f2eb9c12fd1353,4255048f851b07a2] 7 --- [nio-8090-exec-7] i.o.example.flight.FlighController       : processing Request 
2023-02-20 22:57:16.956  INFO [boot-otel-tempo-provider1,bee307bcf539021aa630a00a6f0ea5f1,fe1bdad184411aa1] 7 --- [io-8090-exec-29] i.o.example.flight.FlighController       : processing Request 
2023-02-20 22:57:16.933  INFO [boot-otel-tempo-provider1,a0967d4f21c8f9cc16c443805388594c,a9d8e816acf2fd01] 7 --- [io-8090-exec-59] i.o.example.flight.FlighController       : processing Request 
2023-02-20 22:57:16.935  INFO [boot-otel-tempo-provider1,5863317fde8de1ff2ba79b11ce457671,b234997567cc1a9a] 7 --- [io-8090-exec-69] i.o.example.flight.FlighController       : processing Request 
2023-02-20 22:57:16.961  INFO [boot-otel-tempo-provider1,ab2e6c524adea51615cb201b45dc637f,7a0251d1df699b5c] 7 --- [io-8090-exec-88] i.o.example.flight.FlighController       : processing Request 
2023-02-20 22:57:16.971  INFO [boot-otel-tempo-provider1,2f6b4a16f469c75f1411091b9da5c75d,4ca10fdaff7f3a7d] 7 --- [io-8090-exec-92] i.o.example.flight.FlightService         : Doing some work In New span 
2023-02-20 22:57:16.967  INFO [boot-otel-tempo-provider1,547bc4a9c35abe3144cc36cd899f92c3,8326829b37e848c0] 7 --- [io-8090-exec-78] i.o.example.flight.FlighController       : processing Request 
2023-02-20 22:57:16.967  INFO [boot-otel-tempo-provider1,c669bab7eb5bc0b806d7790dcd6fb7fc,915ad9e8d7340400] 7 --- [io-8090-exec-14] i.o.example.flight.FlighController       : processing Request 
2023-02-20 22:57:16.967  INFO [boot-otel-tempo-provider1,c03e107b77fa31dea13200485296d67b,df9955403021d14a] 7 --- [io-8090-exec-24] i.o.example.flight.FlighController       : processing Request 
2023-02-20 22:57:16.966  INFO [boot-otel-tempo-provider1,c3cdbb0aa87b1dac9fd8f470a5e3cbec,e6f98400d739a4c2] 7 --- [io-8090-exec-87] i.o.example.flight.FlighController       : processing Request 
2023-02-20 22:57:16.963  INFO [boot-otel-tempo-provider1,931ea272fd6745d06b3008ac6cd65d99,a497d40be540611b] 7 --- [io-8090-exec-53] i.o.example.flight.FlighController       : processing Request 
2023-02-20 22:57:16.962  INFO [boot-otel-tempo-provider1,39ad6e1c4515bf2ad8ae41b59522b486,4b12c13335ff9448] 7 --- [io-8090-exec-86] i.o.example.flight.FlighController       : processing Request 
2023-02-20 22:57:16.985  INFO [boot-otel-tempo-provider1,8ddf8277096e4c3e2933788621224800,5daf56613d346dc3] 7 --- [io-8090-exec-30] i.o.example.flight.FlightService         : Doing some work In New span 
2023-02-20 22:57:16.985  INFO [boot-otel-tempo-provider1,ec8a7ebd483b000966f2520303f0377e,119665a575198b07] 7 --- [io-8090-exec-61] i.o.example.flight.FlightService         : Doing some work In New span 
2023-02-20 22:57:16.981  INFO [boot-otel-tempo-provider1,eb46451d6fb292483d1f50b15f0d4a3c,e4d8967489e7282e] 7 --- [io-8090-exec-60] i.o.example.flight.FlighController       : processing Request 
2023-02-20 22:57:16.980  INFO [boot-otel-tempo-provider1,03749d8f42ca21b2935bb801adc47814,17f002991fb5c3bf] 7 --- [io-8090-exec-95] i.o.example.flight.FlighController       : processing Request 
2023-02-20 22:57:17.012  INFO [boot-otel-tempo-provider1,5756b9bdd92d052c542b13b77fbcd613,ab01f9c984c514b3] 7 --- [io-8090-exec-70] i.o.example.flight.FlightService         : Doing some work In New span 
2023-02-20 22:57:17.017  INFO [boot-otel-tempo-provider1,615c825bd6ff030117c54eb16c3a6dca,dcd67a87729eeeb5] 7 --- [io-8090-exec-40] i.o.example.flight.FlighController       : processing Request 
2023-02-20 22:57:17.017  INFO [boot-otel-tempo-provider1,ed789f5dc1ac7f5bd2dac6073c3b7152,141c7a272d683e2d] 7 --- [nio-8090-exec-3] i.o.example.flight.FlightService         : Doing some work In New span 
2023-02-20 22:57:16.988  INFO [boot-otel-tempo-provider1,ef5324acd274d99a5436917a31049ce6,48e92b199c939d57] 7 --- [io-8090-exec-90] i.o.example.flight.FlighController       : processing Request 
2023-02-20 22:57:17.194  INFO [boot-otel-tempo-provider1,ef5324acd274d99a5436917a31049ce6,d543be02b55b2e39] 7 --- [io-8090-exec-90] i.o.example.flight.FlightService         : Doing some work In New span 
2023-02-20 22:57:16.991  INFO [boot-otel-tempo-provider1,1a8b01ecaddc36a3d51f073a8175d467,2a22764c086a46e9] 7 --- [io-8090-exec-41] i.o.example.flight.FlighController       : processing Request 
2023-02-20 22:57:17.020  INFO [boot-otel-tempo-provider1,adb71957cc47a02b6482a11229d84005,397ce2f5f6d69436] 7 --- [io-8090-exec-62] i.o.example.flight.FlightService         : Doing some work In New span 
2023-02-20 22:57:16.992  INFO [boot-otel-tempo-provider1,237bf1e979500e9a2449f1ad6f77a7ba,0cb7947bed173912] 7 --- [nio-8090-exec-4] i.o.example.flight.FlighController       : processing Request 
2023-02-20 22:57:17.037  INFO [boot-otel-tempo-provider1,993cfcd5f6a377c026e544bbf56b6b04,c1ee10cd2e3f37a2] 7 --- [io-8090-exec-28] i.o.example.flight.FlighController       : processing Request 
2023-02-20 22:57:17.038  INFO [boot-otel-tempo-provider1,5569c0994ba74341b1c793d636c65f80,0c7753bfd2bbec4d] 7 --- [io-8090-exec-94] i.o.example.flight.FlighController       : processing Request 
2023-02-20 22:57:16.992  INFO [boot-otel-tempo-provider1,d115109807547d2345cf3d8892979c8d,93d9dcde5fa7ca9b] 7 --- [nio-8090-exec-2] i.o.example.flight.FlighController       : processing Request 
2023-02-20 22:57:16.993  INFO [boot-otel-tempo-provider1,0083433c6dc9bde5840074b9d00ddd72,e7c8dc28ee53043e] 7 --- [io-8090-exec-15] i.o.example.flight.FlighController       : processing Request 
2023-02-20 22:57:16.987  INFO [boot-otel-tempo-provider1,e2e23164cec719c6eaf8d95a34e4b10c,2e2695a07e1f1103] 7 --- [io-8090-exec-81] i.o.example.flight.FlighController       : processing Request 
2023-02-20 22:57:16.993  INFO [boot-otel-tempo-provider1,30a478f75a19bc7d0fb5a6a7d440b23f,d9295a62a7d4f3db] 7 --- [io-8090-exec-13] i.o.example.flight.FlighController       : processing Request 
2023-02-20 22:57:16.995  INFO [boot-otel-tempo-provider1,55b91e31f60033138c6789bf78971822,8f6b8f8e17bef1e6] 7 --- [nio-8090-exec-6] i.o.example.flight.FlighController       : processing Request 
2023-02-20 22:57:16.995  INFO [boot-otel-tempo-provider1,ff6eace0ca582aba006c343db90b1142,4fc08be096f59cb1] 7 --- [io-8090-exec-68] i.o.example.flight.FlighController       : processing Request 
2023-02-20 22:57:16.993  INFO [boot-otel-tempo-provider1,6a1dd22f9e0532bc80ebc0d3069c7787,5715f2e3cc14cc8b] 7 --- [io-8090-exec-47] i.o.example.flight.FlighController       : processing Request 
2023-02-20 22:57:16.999  INFO [boot-otel-tempo-provider1,c6c76366cdf810faac64ef4603c4e49d,d55fe2575a6a607d] 7 --- [io-8090-exec-71] i.o.example.flight.FlighController       : processing Request 
2023-02-20 22:57:17.220  INFO [boot-otel-tempo-provider1,6a1dd22f9e0532bc80ebc0d3069c7787,25cfdcbea1d09a47] 7 --- [io-8090-exec-47] i.o.example.flight.FlightService         : Doing some work In New span 
2023-02-20 22:57:17.006  INFO [boot-otel-tempo-provider1,7093a198987ed7b7d0265aba3b98df52,2b0984a91a757348] 7 --- [io-8090-exec-83] i.o.example.flight.FlighController       : processing Request 
2023-02-20 22:57:17.007  INFO [boot-otel-tempo-provider1,b5cd42df317577a393138514fdb62a6b,b53b659e1f564150] 7 --- [io-8090-exec-75] i.o.example.flight.FlighController       : processing Request 
2023-02-20 22:57:17.014  INFO [boot-otel-tempo-provider1,2827aea637085f949fe06b1102d33753,1a11dd83aaa6abf4] 7 --- [io-8090-exec-42] i.o.example.flight.FlightService         : Doing some work In New span 
2023-02-20 22:57:16.991  INFO [boot-otel-tempo-provider1,56c818917b8ead8323429b16491e4617,9265d9aa113863a8] 7 --- [io-8090-exec-66] i.o.example.flight.FlighController       : processing Request 
2023-02-20 22:57:17.007  INFO [boot-otel-tempo-provider1,23c80d019607d5523856d0e3ed62760a,c6b31852f59c39a1] 7 --- [io-8090-exec-54] i.o.example.flight.FlighController       : processing Request 
2023-02-20 22:57:17.229  INFO [boot-otel-tempo-provider1,23c80d019607d5523856d0e3ed62760a,1d5191c065bafbd3] 7 --- [io-8090-exec-54] i.o.example.flight.FlightService         : Doing some work In New span 
2023-02-20 22:57:17.017  INFO [boot-otel-tempo-provider1,48d7123cb1aaea93158d6d3ea83dc995,f89ec98cfd87f01c] 7 --- [io-8090-exec-17] i.o.example.flight.FlightService         : Doing some work In New span 
2023-02-20 22:57:17.073  INFO [boot-otel-tempo-provider1,f4eac62aeddd00b22dcd6d0d6d22a633,358348375817417d] 7 --- [io-8090-exec-33] i.o.example.flight.FlightService         : Doing some work In New span 
2023-02-20 22:57:17.059  INFO [boot-otel-tempo-provider1,a72f54f32ec6a5e58edea115e49ae26c,2f6999c6e24c26e4] 7 --- [io-8090-exec-32] i.o.example.flight.FlightService         : Doing some work In New span 
2023-02-20 22:57:17.076  INFO [boot-otel-tempo-provider1,cc6ab4eb86e2ae26b7dbd68f4aa8fbdb,7864200c63365cf8] 7 --- [io-8090-exec-98] i.o.example.flight.FlighController       : processing Request 
2023-02-20 22:57:17.094  INFO [boot-otel-tempo-provider1,60903803c98f8ab70d6b47f9c5f40e31,f9951a3656f1273d] 7 --- [io-8090-exec-65] i.o.example.flight.FlightService         : Doing some work In New span 
2023-02-20 22:57:17.086  INFO [boot-otel-tempo-provider1,1d3f47e1e8e5bfb85333ee0e17e43173,5d16ec347f2c0fc0] 7 --- [io-8090-exec-64] i.o.example.flight.FlightService         : Doing some work In New span 
2023-02-20 22:57:17.114  INFO [boot-otel-tempo-provider1,ed4d40bd1602ef8d63c3bc8a2eae5fb7,0f10ef9952e79bc7] 7 --- [io-8090-exec-82] i.o.example.flight.FlightService         : Doing some work In New span 
2023-02-20 22:57:17.132  INFO [boot-otel-tempo-provider1,aff4a792563bc95e48e8b4d99ccdc76c,9b6e2d59f2a34702] 7 --- [io-8090-exec-45] i.o.example.flight.FlightService         : Doing some work In New span 
2023-02-20 22:57:17.139  INFO [boot-otel-tempo-provider1,cfca6277055096335e0fcfc05ff46780,57fbd8c7121314e7] 7 --- [io-8090-exec-67] i.o.example.flight.FlightService         : Doing some work In New span 
2023-02-20 22:57:17.144  INFO [boot-otel-tempo-provider1,741feb945d5e7994c2dfc2dc11f5c19e,684f10e36473bbd2] 7 --- [io-8090-exec-48] i.o.example.flight.FlightService         : Doing some work In New span 
2023-02-20 22:57:17.153  INFO [boot-otel-tempo-provider1,e8a23c74d8f6714946f2eb9c12fd1353,797d642ab86e9a9f] 7 --- [nio-8090-exec-7] i.o.example.flight.FlightService         : Doing some work In New span 
2023-02-20 22:57:17.144  INFO [boot-otel-tempo-provider1,b05128278b6becc3fb3066671c3bec77,e5b6a989bf4f4157] 7 --- [io-8090-exec-31] i.o.example.flight.FlightService         : Doing some work In New span 
2023-02-20 22:57:17.149  INFO [boot-otel-tempo-provider1,762c8ecd6399a5419dec80c14cc85be3,6e12abe6522d34e0] 7 --- [io-8090-exec-10] i.o.example.flight.FlightService         : Doing some work In New span 
2023-02-20 22:57:17.142  INFO [boot-otel-tempo-provider1,78c3034c0a4d315f8673f227bf27227e,434e9877840adb0d] 7 --- [io-8090-exec-57] i.o.example.flight.FlightService         : Doing some work In New span 
2023-02-20 22:57:17.157  INFO [boot-otel-tempo-provider1,bee307bcf539021aa630a00a6f0ea5f1,4286ef236541f104] 7 --- [io-8090-exec-29] i.o.example.flight.FlightService         : Doing some work In New span 
2023-02-20 22:57:17.159  INFO [boot-otel-tempo-provider1,a0967d4f21c8f9cc16c443805388594c,2a7a9a1f9a156fa3] 7 --- [io-8090-exec-59] i.o.example.flight.FlightService         : Doing some work In New span 
2023-02-20 22:57:17.160  INFO [boot-otel-tempo-provider1,5863317fde8de1ff2ba79b11ce457671,8f9f4d264589083e] 7 --- [io-8090-exec-69] i.o.example.flight.FlightService         : Doing some work In New span 
2023-02-20 22:57:17.166  INFO [boot-otel-tempo-provider1,547bc4a9c35abe3144cc36cd899f92c3,4bdf9ec7b600fb80] 7 --- [io-8090-exec-78] i.o.example.flight.FlightService         : Doing some work In New span 
2023-02-20 22:57:17.162  INFO [boot-otel-tempo-provider1,ab2e6c524adea51615cb201b45dc637f,a17714d3c572800f] 7 --- [io-8090-exec-88] i.o.example.flight.FlightService         : Doing some work In New span 
2023-02-20 22:57:17.170  INFO [boot-otel-tempo-provider1,c669bab7eb5bc0b806d7790dcd6fb7fc,a1b7fb833ee92370] 7 --- [io-8090-exec-14] i.o.example.flight.FlightService         : Doing some work In New span 
2023-02-20 22:57:17.170  INFO [boot-otel-tempo-provider1,3840af074e0c0bd93f8b974c38c62d5a,215b1f5c47676a8b] 7 --- [io-8090-exec-85] i.o.example.flight.FlightService         : Doing some work In New span 
2023-02-20 22:57:17.174  INFO [boot-otel-tempo-provider1,c03e107b77fa31dea13200485296d67b,87a3defe38a29caf] 7 --- [io-8090-exec-24] i.o.example.flight.FlightService         : Doing some work In New span 
2023-02-20 22:57:17.183  INFO [boot-otel-tempo-provider1,39ad6e1c4515bf2ad8ae41b59522b486,0cb3e2cb05237103] 7 --- [io-8090-exec-86] i.o.example.flight.FlightService         : Doing some work In New span 
2023-02-20 22:57:17.183  INFO [boot-otel-tempo-provider1,eb46451d6fb292483d1f50b15f0d4a3c,601ea5d6ec4b14c2] 7 --- [io-8090-exec-60] i.o.example.flight.FlightService         : Doing some work In New span 
2023-02-20 22:57:17.185  INFO [boot-otel-tempo-provider1,03749d8f42ca21b2935bb801adc47814,273c7140d3eee51c] 7 --- [io-8090-exec-95] i.o.example.flight.FlightService         : Doing some work In New span 
2023-02-20 22:57:17.174  INFO [boot-otel-tempo-provider1,c3cdbb0aa87b1dac9fd8f470a5e3cbec,3ffff7e737e07349] 7 --- [io-8090-exec-87] i.o.example.flight.FlightService         : Doing some work In New span 
2023-02-20 22:57:17.192  INFO [boot-otel-tempo-provider1,615c825bd6ff030117c54eb16c3a6dca,37ea367a47fd8f5d] 7 --- [io-8090-exec-40] i.o.example.flight.FlightService         : Doing some work In New span 
2023-02-20 22:57:17.176  INFO [boot-otel-tempo-provider1,931ea272fd6745d06b3008ac6cd65d99,acb8797920a26a44] 7 --- [io-8090-exec-53] i.o.example.flight.FlightService         : Doing some work In New span 
2023-02-20 22:57:17.199  INFO [boot-otel-tempo-provider1,1a8b01ecaddc36a3d51f073a8175d467,8a064b7c29a39135] 7 --- [io-8090-exec-41] i.o.example.flight.FlightService         : Doing some work In New span 
2023-02-20 22:57:17.200  INFO [boot-otel-tempo-provider1,237bf1e979500e9a2449f1ad6f77a7ba,71fa112c61ed6b09] 7 --- [nio-8090-exec-4] i.o.example.flight.FlightService         : Doing some work In New span 
2023-02-20 22:57:17.202  INFO [boot-otel-tempo-provider1,993cfcd5f6a377c026e544bbf56b6b04,75d22d7442064f0b] 7 --- [io-8090-exec-28] i.o.example.flight.FlightService         : Doing some work In New span 
2023-02-20 22:57:17.203  INFO [boot-otel-tempo-provider1,5569c0994ba74341b1c793d636c65f80,36e370934827bf5e] 7 --- [io-8090-exec-94] i.o.example.flight.FlightService         : Doing some work In New span 
2023-02-20 22:57:17.204  INFO [boot-otel-tempo-provider1,d115109807547d2345cf3d8892979c8d,da548f4c43309023] 7 --- [nio-8090-exec-2] i.o.example.flight.FlightService         : Doing some work In New span 
2023-02-20 22:57:17.206  INFO [boot-otel-tempo-provider1,0083433c6dc9bde5840074b9d00ddd72,90168db5a663dd10] 7 --- [io-8090-exec-15] i.o.example.flight.FlightService         : Doing some work In New span 
2023-02-20 22:57:17.218  INFO [boot-otel-tempo-provider1,55b91e31f60033138c6789bf78971822,156995c4e018380c] 7 --- [nio-8090-exec-6] i.o.example.flight.FlightService         : Doing some work In New span 
2023-02-20 22:57:17.219  INFO [boot-otel-tempo-provider1,ff6eace0ca582aba006c343db90b1142,ca79c05397f06411] 7 --- [io-8090-exec-68] i.o.example.flight.FlightService         : Doing some work In New span 
2023-02-20 22:57:17.217  INFO [boot-otel-tempo-provider1,30a478f75a19bc7d0fb5a6a7d440b23f,b69fa0edad28d9aa] 7 --- [io-8090-exec-13] i.o.example.flight.FlightService         : Doing some work In New span 
2023-02-20 22:57:17.221  INFO [boot-otel-tempo-provider1,c6c76366cdf810faac64ef4603c4e49d,c5c88f993e1a8fe5] 7 --- [io-8090-exec-71] i.o.example.flight.FlightService         : Doing some work In New span 
2023-02-20 22:57:17.216  INFO [boot-otel-tempo-provider1,e2e23164cec719c6eaf8d95a34e4b10c,f03b02e9f397f97a] 7 --- [io-8090-exec-81] i.o.example.flight.FlightService         : Doing some work In New span 
2023-02-20 22:57:17.223  INFO [boot-otel-tempo-provider1,7093a198987ed7b7d0265aba3b98df52,887f1890ba3b8555] 7 --- [io-8090-exec-83] i.o.example.flight.FlightService         : Doing some work In New span 
2023-02-20 22:57:17.225  INFO [boot-otel-tempo-provider1,b5cd42df317577a393138514fdb62a6b,05cf96a93028ef53] 7 --- [io-8090-exec-75] i.o.example.flight.FlightService         : Doing some work In New span 
2023-02-20 22:57:17.228  INFO [boot-otel-tempo-provider1,56c818917b8ead8323429b16491e4617,8590d5458cb2eb5f] 7 --- [io-8090-exec-66] i.o.example.flight.FlightService         : Doing some work In New span 
2023-02-20 22:57:17.234  INFO [boot-otel-tempo-provider1,cc6ab4eb86e2ae26b7dbd68f4aa8fbdb,70cd8c44d315f5ed] 7 --- [io-8090-exec-98] i.o.example.flight.FlightService         : Doing some work In New span 
